#
# A fatal error has been detected by the Java Runtime Environment:
#
#  EXCEPTION_ACCESS_VIOLATION (0xc0000005) at pc=0x00007ff8283826c4, pid=15056, tid=11312
#
# JRE version: OpenJDK Runtime Environment (24.0.1+9) (build 24.0.1+9-30)
# Java VM: OpenJDK 64-Bit Server VM (24.0.1+9-30, mixed mode, emulated-client, sharing, tiered, compressed oops, compressed class ptrs, g1 gc, windows-amd64)
# Problematic frame:
# C  [libasyncProfiler.dll+0x926c4]
#
# No core dump will be written. Minidumps are not enabled by default on client versions of Windows
#
# If you would like to submit a bug report, please visit:
#   https://bugreport.java.com/bugreport/crash.jsp
# The crash happened outside the Java Virtual Machine in native code.
# See problematic frame for where to report the bug.
#

---------------  S U M M A R Y ------------

Command Line: -agentlib:jdwp=transport=dt_socket,address=127.0.0.1:53040,suspend=y,server=n -javaagent:C:\Users\ASUS\AppData\Local\JetBrains\IntelliJIdea2025.1\captureAgent\debugger-agent.jar=file:///C:/Users/ASUS/AppData/Local/Temp/capture4910157545430379438.props -agentpath:C:\Users\ASUS\AppData\Local\Temp\idea_libasyncProfiler_dll_temp_folder2\libasyncProfiler.dll=version,jfr,event=wall,interval=10ms,cstack=no,file=C:\Users\ASUS\IdeaSnapshots\SecurityTestApplication_2025_05_10_011125.jfr,dbghelppath=C:\Users\ASUS\AppData\Local\Temp\idea_dbghelp_dll_temp_folder1\dbghelp.dll,log=C:\Users\ASUS\AppData\Local\Temp\SecurityTestApplication_2025_05_10_011125.jfr.log.txt,logLevel=DEBUG -XX:TieredStopAtLevel=1 -Dspring.output.ansi.enabled=always -Dcom.sun.management.jmxremote -Dspring.jmx.enabled=true -Dspring.liveBeansView.mbeanDomain -Dspring.application.admin.enabled=true -Dmanagement.endpoints.jmx.exposure.include=* -Dkotlinx.coroutines.debug.enable.creation.stack.trace=false -Ddebugger.agent.enable.coroutines=true -Dkotlinx.coroutines.debug.enable.flows.stack.trace=true -Dkotlinx.coroutines.debug.enable.mutable.state.flows.stack.trace=true -Dfile.encoding=UTF-8 -Dsun.stdout.encoding=UTF-8 -Dsun.stderr.encoding=UTF-8 com.example.securitytest.SecurityTestApplication

Host: Intel(R) Core(TM) i5-8250U CPU @ 1.60GHz, 8 cores, 15G,  Windows 11 , 64 bit Build 26100 (10.0.26100.3912)
Time: Sat May 10 01:16:33 2025 Iran Standard Time elapsed time: 307.659005 seconds (0d 0h 5m 7s)

---------------  T H R E A D  ---------------

Current thread (0x0000018b41136200):  JavaThread "Attach Listener" daemon [_thread_in_native, id=11312, stack(0x0000006f92700000,0x0000006f92800000) (1024K)]

Stack: [0x0000006f92700000,0x0000006f92800000],  sp=0x0000006f927fec40,  free space=1019k
Native frames: (J=compiled Java code, j=interpreted, Vv=VM code, C=native code)
C  [libasyncProfiler.dll+0x926c4]  (no source info available)
C  [libasyncProfiler.dll+0x92b9b]  (no source info available)
C  [libasyncProfiler.dll+0x917f4]  (no source info available)
C  [libasyncProfiler.dll+0x9206a]  (no source info available)
C  [libasyncProfiler.dll+0x8cc21]  (no source info available)
C  [libasyncProfiler.dll+0x7e5e1]  (no source info available)
C  [libasyncProfiler.dll+0x7d2f8]  (no source info available)
C  [libasyncProfiler.dll+0x7d1e0]  (no source info available)
C  [libasyncProfiler.dll+0x841b9]  (no source info available)
V  [jvm.dll+0x57eff7]  (no source info available)
V  [jvm.dll+0x57fdac]  (no source info available)
V  [jvm.dll+0x14ca17]  (no source info available)
V  [jvm.dll+0x14dfe1]  (no source info available)
V  [jvm.dll+0x42f456]  (no source info available)
V  [jvm.dll+0x87d76b]  (no source info available)
V  [jvm.dll+0x72ee55]  (no source info available)
C  [ucrtbase.dll+0x37b0]  (no source info available)
C  [KERNEL32.DLL+0x2e8d7]  (no source info available)
C  [ntdll.dll+0x9c5dc]  (no source info available)


siginfo: EXCEPTION_ACCESS_VIOLATION (0xc0000005), reading address 0xffffffffffffffff


Registers:
RAX=0x0000000000000010, RBX=0x0000000000000000, RCX=0xffffffffffffffff, RDX=0x007ff820b4300010
RSP=0x0000006f927fec40, RBP=0x0000018b468e0be0, RSI=0x0000006f927fedb0, RDI=0x0000018b468e0be0
R8 =0x0000000000000042, R9 =0x0000000701e021c0, R10=0x00007ff820db9fb0, R11=0x00000000000003b2
R12=0x0000006f927fedb0, R13=0x0000018b61b95850, R14=0x0000018b411365c8, R15=0x0000018b411365c8
RIP=0x00007ff8283826c4, EFLAGS=0x0000000000010202

XMM[0]=0x0000000000000000 0x0000000000000000
XMM[1]=0x0000000000000000 0x0000000000000000
XMM[2]=0x0000000000000000 0x0000000000000000
XMM[3]=0x0000000000000000 0x0000000000000000
XMM[4]=0x0000000000000000 0x0000000000000000
XMM[5]=0x0000000000000000 0x0000000000000000
XMM[6]=0x0000000000000000 0x0000000000000000
XMM[7]=0x0000000000000000 0x0000000000000000
XMM[8]=0x0000000000000000 0x0000000000000000
XMM[9]=0x0000000000000000 0x0000000000000000
XMM[10]=0x0000000000000000 0x0000000000000000
XMM[11]=0x0000000000000000 0x0000000000000000
XMM[12]=0x0000000000000000 0x0000000000000000
XMM[13]=0x0000000000000000 0x0000000000000000
XMM[14]=0x0000000000000000 0x0000000000000000
XMM[15]=0x0000000000000000 0x0000000000000000
  MXCSR=0x00001fa0


Register to memory mapping:

RAX=0x0000000000000010 is an unknown value
RBX=0x0 is null
RCX=0xffffffffffffffff is an unknown value
RDX=0x007ff820b4300010 is an unknown value
RSP=0x0000006f927fec40 is pointing into the stack for thread: 0x0000018b41136200
RBP=0x0000018b468e0be0 points into unknown readable memory: 0x0000000701e021c0 | c0 21 e0 01 07 00 00 00
RSI=0x0000006f927fedb0 is pointing into the stack for thread: 0x0000018b41136200
RDI=0x0000018b468e0be0 points into unknown readable memory: 0x0000000701e021c0 | c0 21 e0 01 07 00 00 00
R8 =0x0000000000000042 is an unknown value
R9 =0x0000000701e021c0 is an oop: java.lang.ref.Reference$ReferenceHandler 
{0x0000000701e021c0} - klass: 'java/lang/ref/Reference$ReferenceHandler' - flags: 

 - ---- fields (total size 14 words):
 - 'threadLocalRandomProbe' 'I' @12  0 (0x00000000)
 - private volatile 'eetop' 'J' @16  1697603833840 (0x0000018b4112cff0)
 - private final 'tid' 'J' @24  14 (0x000000000000000e)
 - 'threadLocalRandomSeed' 'J' @32  0 (0x0000000000000000)
 - injected 'jvmti_thread_state' 'J' @40  1697604211888 (0x0000018b411894b0)
 - 'threadLocalRandomSecondarySeed' 'I' @48  0 (0x00000000)
 - injected 'jvmti_VTMS_transition_disable_count' 'I' @52  0 (0x00000000)
 - injected 'jfr_epoch' 'S' @56  0 (0x0000)
 - volatile 'interrupted' 'Z' @58  false (0x00)
 - injected 'jvmti_is_in_VTMS_transition' 'Z' @59  false (0x00)
 - private volatile 'name' 'Ljava/lang/String;' @60  "Reference Handler"{0x00000007027bb778} (0xe04f76ef)
 - private volatile 'contextClassLoader' 'Ljava/lang/ClassLoader;' @64  null (0x00000000)
 - private final 'holder' 'Ljava/lang/Thread$FieldHolder;' @68  a 'java/lang/Thread$FieldHolder'{0x0000000701c61a20} (0xe038c344)
 - 'threadLocals' 'Ljava/lang/ThreadLocal$ThreadLocalMap;' @72  null (0x00000000)
 - 'inheritableThreadLocals' 'Ljava/lang/ThreadLocal$ThreadLocalMap;' @76  null (0x00000000)
 - private 'scopedValueBindings' 'Ljava/lang/Object;' @80  a 'java/lang/Class'{0x000000070271ee70} = 'java/lang/Thread' (0xe04e3dce)
 - final 'interruptLock' 'Ljava/lang/Object;' @84  a 'java/lang/Object'{0x0000000701c61a10} (0xe038c342)
 - private volatile 'parkBlocker' 'Ljava/lang/Object;' @88  null (0x00000000)
 - private 'nioBlocker' 'Lsun/nio/ch/Interruptible;' @92  null (0x00000000)
 - private 'cont' 'Ljdk/internal/vm/Continuation;' @96  null (0x00000000)
 - private volatile 'uncaughtExceptionHandler' 'Ljava/lang/Thread$UncaughtExceptionHandler;' @100  null (0x00000000)
 - private 'container' 'Ljdk/internal/vm/ThreadContainer;' @104  null (0x00000000)
 - private volatile 'headStackableScopes' 'Ljdk/internal/vm/StackableScope;' @108  null (0x00000000)
R10=0x00007ff820db9fb0 jvm.dll
R11=0x00000000000003b2 is an unknown value
R12=0x0000006f927fedb0 is pointing into the stack for thread: 0x0000018b41136200
R13=0x0000018b61b95850 points into unknown readable memory: 0x00007ff820d2a510 | 10 a5 d2 20 f8 7f 00 00
R14=0x0000018b411365c8 points into unknown readable memory: 0x00007ff820d217b0 | b0 17 d2 20 f8 7f 00 00
R15=0x0000018b411365c8 points into unknown readable memory: 0x00007ff820d217b0 | b0 17 d2 20 f8 7f 00 00

Top of Stack: (sp=0x0000006f927fec40)
0x0000006f927fec40:   0000006f927fedb0 0000018b468e0be0   ....o......F....
0x0000006f927fec50:   0000000000000000 0000018b41139380   ...........A....
0x0000006f927fec60:   000000000000003c 00007ff828382b9b   <........+8(....
0x0000006f927fec70:   0000000000000000 0000018b411365c8   .........e.A....
0x0000006f927fec80:   0000006f927fed01 0000000000000000   ....o...........
0x0000006f927fec90:   0000018b4b8a63d0 00007ff8283817f4   .c.K......8(....
0x0000006f927feca0:   0000000000000000 000000000000003c   ........<.......
0x0000006f927fecb0:   0000000000000000 000000000000003c   ........<.......
0x0000006f927fecc0:   0000002500000002 0000018b417e0510   ....%.....~A....
0x0000006f927fecd0:   0000018b4b8a63d0 0000018b4b8a64c0   .c.K.....d.K....
0x0000006f927fece0:   0000018b4b8a64cc 00000000000040a4   .d.K.....@......
0x0000006f927fecf0:   0000000000000000 0000000000000000   ................
0x0000006f927fed00:   0000000000000000 00007ff8205857d4   .........WX ....
0x0000006f927fed10:   00007ff8284c4ca0 0000000000003ad0   .LL(.....:......
0x0000006f927fed20:   00007ff8284c4ca0 00000000ffffffff   .LL(............
0x0000006f927fed30:   0000000000000000 00007ff82838206a   ........j 8(....
0x0000006f927fed40:   0000018b411365c8 0000000000000000   .e.A............
0x0000006f927fed50:   0000006f927fedb9 0000018b61b95850   ....o...PX.a....
0x0000006f927fed60:   00007ff895b688b0 00007ff895a40139   ........9.......
0x0000006f927fed70:   000000000000001b 00007ff8961b7219   .........r......
0x0000006f927fed80:   0000018b411365c8 00007ff8284c4ca0   .e.A.....LL(....
0x0000006f927fed90:   000000000000000b 00007ff820811712   ........... ....
0x0000006f927feda0:   0000000000000000 0000018b411365c8   .........e.A....
0x0000006f927fedb0:   0000018b4b527360 0000018b4b527ae0   `sRK.....zRK....
0x0000006f927fedc0:   0000018b4b527ae0 00007ff8284c4ca0   .zRK.....LL(....
0x0000006f927fedd0:   0000018b61b8b558 0000006f927fef48   X..a....H...o...
0x0000006f927fede0:   0000006f927ff080 0000000000008840   ....o...@.......
0x0000006f927fedf0:   0000006f927ff260 00007ff8284c4cf0   `...o....LL(....
0x0000006f927fee00:   0000000000989680 0000000000989680   ................
0x0000006f927fee10:   0000006f927fef20 00007ff82837cc21    ...o...!.7(....
0x0000006f927fee20:   00007ff8284c4ca0 00007ff8284c4cf8   .LL(.....LL(....
0x0000006f927fee30:   00007ff800000000 003f8ae600000001   ..............?.

Instructions: (pc=0x00007ff8283826c4)
  0x00007ff8283825c4:   cc cc cc cc cc cc cc cc cc cc cc cc cc cc cc cc
  0x00007ff8283825d4:   cc cc cc cc cc cc cc cc cc cc cc cc cc cc cc cc
  0x00007ff8283825e4:   cc cc cc cc cc cc cc cc cc cc cc cc cc cc cc cc
  0x00007ff8283825f4:   cc cc cc cc cc cc cc cc cc cc cc cc cc cc cc cc
  0x00007ff828382604:   cc cc cc cc cc cc cc cc cc cc cc cc cc cc cc cc
  0x00007ff828382614:   cc cc cc cc cc cc cc cc cc cc cc cc cc cc cc cc
  0x00007ff828382624:   cc cc cc cc cc cc cc cc cc cc cc cc cc cc cc cc
  0x00007ff828382634:   cc cc cc cc cc cc cc cc cc cc cc cc cc cc cc cc
  0x00007ff828382644:   cc cc cc cc cc cc cc cc cc cc cc cc 40 57 48 83
  0x00007ff828382654:   ec 20 48 8b f9 48 8b 0d 10 28 14 00 48 85 c9 74
  0x00007ff828382664:   20 48 8b 01 48 8d 54 24 38 41 b8 06 00 01 00 4c
  0x00007ff828382674:   8b 48 30 41 ff d1 85 c0 75 07 48 8b 4c 24 38 eb
  0x00007ff828382684:   02 33 c9 4c 8b 05 ea 28 14 00 48 89 5c 24 30 4d
  0x00007ff828382694:   85 c0 74 4a 48 8b 01 48 8b d7 4c 8b 88 28 03 00
  0x00007ff8283826a4:   00 41 ff d1 48 85 c0 74 35 48 63 0d f8 e6 13 00
  0x00007ff8283826b4:   48 8b 14 01 48 85 d2 74 15 48 63 05 fc e6 13 00
=>0x00007ff8283826c4:   8b 04 10 48 8b 5c 24 30 48 83 c4 20 5f c3 b8 ff
  0x00007ff8283826d4:   ff ff ff 48 8b 5c 24 30 48 83 c4 20 5f c3 80 3d
  0x00007ff8283826e4:   9b 27 14 00 00 bb ff ff ff ff 74 20 4c 8b 0d 31
  0x00007ff8283826f4:   24 14 00 4c 8d 44 24 38 48 8b 0d 15 24 14 00 48
  0x00007ff828382704:   8b d7 41 ff d1 85 c0 0f 44 5c 24 38 8b c3 48 8b
  0x00007ff828382714:   5c 24 30 48 83 c4 20 5f c3 cc cc cc cc cc cc cc
  0x00007ff828382724:   cc cc cc cc cc cc cc cc cc cc cc cc cc cc cc cc
  0x00007ff828382734:   cc cc cc cc cc cc cc cc cc cc cc cc cc cc cc cc
  0x00007ff828382744:   cc cc cc cc cc cc cc cc cc cc cc cc 48 89 54 24
  0x00007ff828382754:   10 53 55 56 57 41 56 41 57 48 83 ec 28 48 8b f2
  0x00007ff828382764:   4c 8b f1 48 89 4c 24 78 45 33 ff 44 89 7c 24 68
  0x00007ff828382774:   c7 44 24 60 01 00 00 00 48 8d 4c 24 68 e8 ed 42
  0x00007ff828382784:   f7 ff 8b d8 48 8d 4c 24 60 e8 e1 42 f7 ff 8b e8
  0x00007ff828382794:   49 8b ce e8 00 fc f6 ff 48 8b f8 90 8b c3 f0 0f
  0x00007ff8283827a4:   b1 2f 74 04 f3 90 eb f4 4c 89 3e 4c 89 7e 08 4c
  0x00007ff8283827b4:   89 7e 10 49 8b 6e 08 4d 8b 76 10 49 3b ee 0f 84


Stack slot to memory mapping:

stack at sp + 0 slots: 0x0000006f927fedb0 is pointing into the stack for thread: 0x0000018b41136200
stack at sp + 1 slots: 0x0000018b468e0be0 points into unknown readable memory: 0x0000000701e021c0 | c0 21 e0 01 07 00 00 00
stack at sp + 2 slots: 0x0 is null
stack at sp + 3 slots: 0x0000018b41139380 points into unknown readable memory: 0x6e616c2e6176616a | 6a 61 76 61 2e 6c 61 6e
stack at sp + 4 slots: 0x000000000000003c is an unknown value
stack at sp + 5 slots: 0x00007ff828382b9b libasyncProfiler.dll
stack at sp + 6 slots: 0x0 is null
stack at sp + 7 slots: 0x0000018b411365c8 points into unknown readable memory: 0x00007ff820d217b0 | b0 17 d2 20 f8 7f 00 00

Lock stack of current Java thread (top to bottom):


---------------  P R O C E S S  ---------------

Threads class SMR info:
_java_thread_list=0x0000018b4b9217c0, length=45, elements={
0x0000018b4112cff0, 0x0000018b4112f840, 0x0000018b41135ab0, 0x0000018b41136200,
0x0000018b411377f0, 0x0000018b41137f40, 0x0000018b4114fac0, 0x0000018b412a7f30,
0x0000018b412d0ff0, 0x0000018b412dbd90, 0x0000018b41136950, 0x0000018b41138690,
0x0000018b41135360, 0x0000018b4648ae50, 0x0000018b464889c0, 0x0000018b4648c440,
0x0000018b48bdffa0, 0x0000018b48bdcc70, 0x0000018b48be1590, 0x0000018b49790d10,
0x0000018b4978d9e0, 0x0000018b49791460, 0x0000018b4978e130, 0x0000018b49791bb0,
0x0000018b49794040, 0x0000018b49ed54f0, 0x0000018b49ed96c0, 0x0000018b49ed9e10,
0x0000018b49ed80d0, 0x0000018b49eda560, 0x0000018b49792300, 0x0000018b4b610020,
0x0000018b4b60f8d0, 0x0000018b4b60db90, 0x0000018b4b60f180, 0x0000018b4b611610,
0x0000018b4b610770, 0x0000018b4b60e2e0, 0x0000018b4b610ec0, 0x0000018b4b611d60,
0x0000018b4b524d90, 0x0000018b4b524600, 0x0000018b4b525520, 0x0000018b46489860,
0x0000018b4b612c00
}

Java Threads: ( => current thread )
  0x0000018b4112cff0 JavaThread "Reference Handler"          daemon [_thread_blocked, id=20216, stack(0x0000006f92400000,0x0000006f92500000) (1024K)]
  0x0000018b4112f840 JavaThread "Finalizer"                  daemon [_thread_blocked, id=9080, stack(0x0000006f92500000,0x0000006f92600000) (1024K)]
  0x0000018b41135ab0 JavaThread "Signal Dispatcher"          daemon [_thread_blocked, id=4256, stack(0x0000006f92600000,0x0000006f92700000) (1024K)]
=>0x0000018b41136200 JavaThread "Attach Listener"            daemon [_thread_in_native, id=11312, stack(0x0000006f92700000,0x0000006f92800000) (1024K)]
  0x0000018b411377f0 JavaThread "Service Thread"             daemon [_thread_blocked, id=17144, stack(0x0000006f92800000,0x0000006f92900000) (1024K)]
  0x0000018b41137f40 JavaThread "Monitor Deflation Thread"   daemon [_thread_blocked, id=20072, stack(0x0000006f92900000,0x0000006f92a00000) (1024K)]
  0x0000018b4114fac0 JavaThread "C1 CompilerThread0"         daemon [_thread_blocked, id=5536, stack(0x0000006f92a00000,0x0000006f92b00000) (1024K)]
  0x0000018b412a7f30 JavaThread "JDWP Transport Listener: dt_socket" daemon [_thread_blocked, id=2324, stack(0x0000006f92c00000,0x0000006f92d00000) (1024K)]
  0x0000018b412d0ff0 JavaThread "JDWP Event Helper Thread"   daemon [_thread_blocked, id=16244, stack(0x0000006f92d00000,0x0000006f92e00000) (1024K)]
  0x0000018b412dbd90 JavaThread "JDWP Command Reader"        daemon [_thread_in_native, id=10820, stack(0x0000006f92e00000,0x0000006f92f00000) (1024K)]
  0x0000018b41136950 JavaThread "Common-Cleaner"             daemon [_thread_blocked, id=5048, stack(0x0000006f92f00000,0x0000006f93000000) (1024K)]
  0x0000018b41138690 JavaThread "IntelliJ Suspend Helper"    daemon [_thread_blocked, id=18020, stack(0x0000006f93100000,0x0000006f93200000) (1024K)]
  0x0000018b41135360 JavaThread "Notification Thread"        daemon [_thread_blocked, id=6552, stack(0x0000006f93200000,0x0000006f93300000) (1024K)]
  0x0000018b4648ae50 JavaThread "RMI TCP Accept-0"           daemon [_thread_in_native, id=16388, stack(0x0000006f93300000,0x0000006f93400000) (1024K)]
  0x0000018b464889c0 JavaThread "RMI TCP Connection(idle)"   daemon [_thread_blocked, id=2848, stack(0x0000006f93600000,0x0000006f93700000) (1024K)]
  0x0000018b4648c440 JavaThread "RMI Scheduler(0)"           daemon [_thread_blocked, id=17260, stack(0x0000006f93700000,0x0000006f93800000) (1024K)]
  0x0000018b48bdffa0 JavaThread "Catalina-utility-1"                [_thread_blocked, id=11896, stack(0x0000006f93f00000,0x0000006f94000000) (1024K)]
  0x0000018b48bdcc70 JavaThread "Catalina-utility-2"                [_thread_blocked, id=15736, stack(0x0000006f94200000,0x0000006f94300000) (1024K)]
  0x0000018b48be1590 JavaThread "container-0"                       [_thread_blocked, id=13892, stack(0x0000006f94300000,0x0000006f94400000) (1024K)]
  0x0000018b49790d10 JavaThread "AsyncGetter-2-thread-1"     daemon [_thread_blocked, id=19724, stack(0x0000006f94400000,0x0000006f94500000) (1024K)]
  0x0000018b4978d9e0 JavaThread "cluster-ClusterId{value='681e768b1672246a18e44557', description='null'}-localhost:27017" daemon [_thread_blocked, id=16932, stack(0x0000006f94500000,0x0000006f94600000) (1024K)]
  0x0000018b49791460 JavaThread "nioEventLoopGroup-2-1"             [_thread_in_native, id=9400, stack(0x0000006f94600000,0x0000006f94700000) (1024K)]
  0x0000018b4978e130 JavaThread "cluster-rtt-ClusterId{value='681e768b1672246a18e44557', description='null'}-localhost:27017" daemon [_thread_blocked, id=18500, stack(0x0000006f94800000,0x0000006f94900000) (1024K)]
  0x0000018b49791bb0 JavaThread "nioEventLoopGroup-2-2"             [_thread_in_native, id=14368, stack(0x0000006f94900000,0x0000006f94a00000) (1024K)]
  0x0000018b49794040 JavaThread "MaintenanceTimer-1-thread-1" daemon [_thread_blocked, id=5868, stack(0x0000006f94a00000,0x0000006f94b00000) (1024K)]
  0x0000018b49ed54f0 JavaThread "Live Reload Server"         daemon [_thread_in_native, id=16480, stack(0x0000006f94c00000,0x0000006f94d00000) (1024K)]
  0x0000018b49ed96c0 JavaThread "File Watcher"               daemon [_thread_blocked, id=6480, stack(0x0000006f93000000,0x0000006f93100000) (1024K)]
  0x0000018b49ed9e10 JavaThread "http-nio-8080-exec-1"       daemon [_thread_blocked, id=13412, stack(0x0000006f94000000,0x0000006f94100000) (1024K)]
  0x0000018b49ed80d0 JavaThread "http-nio-8080-exec-2"       daemon [_thread_blocked, id=5304, stack(0x0000006f94b00000,0x0000006f94c00000) (1024K)]
  0x0000018b49eda560 JavaThread "http-nio-8080-exec-3"       daemon [_thread_blocked, id=13540, stack(0x0000006f94d00000,0x0000006f94e00000) (1024K)]
  0x0000018b49792300 JavaThread "http-nio-8080-exec-4"       daemon [_thread_blocked, id=16764, stack(0x0000006f94e00000,0x0000006f94f00000) (1024K)]
  0x0000018b4b610020 JavaThread "http-nio-8080-exec-5"       daemon [_thread_blocked, id=10844, stack(0x0000006f94f00000,0x0000006f95000000) (1024K)]
  0x0000018b4b60f8d0 JavaThread "http-nio-8080-exec-6"       daemon [_thread_blocked, id=19968, stack(0x0000006f95000000,0x0000006f95100000) (1024K)]
  0x0000018b4b60db90 JavaThread "http-nio-8080-exec-7"       daemon [_thread_blocked, id=14772, stack(0x0000006f95100000,0x0000006f95200000) (1024K)]
  0x0000018b4b60f180 JavaThread "http-nio-8080-exec-8"       daemon [_thread_blocked, id=18496, stack(0x0000006f95200000,0x0000006f95300000) (1024K)]
  0x0000018b4b611610 JavaThread "http-nio-8080-exec-9"       daemon [_thread_blocked, id=20388, stack(0x0000006f95300000,0x0000006f95400000) (1024K)]
  0x0000018b4b610770 JavaThread "http-nio-8080-exec-10"      daemon [_thread_blocked, id=5064, stack(0x0000006f95400000,0x0000006f95500000) (1024K)]
  0x0000018b4b60e2e0 JavaThread "http-nio-8080-Poller"       daemon [_thread_in_native, id=18168, stack(0x0000006f95500000,0x0000006f95600000) (1024K)]
  0x0000018b4b610ec0 JavaThread "http-nio-8080-Acceptor"     daemon [_thread_in_native, id=968, stack(0x0000006f95600000,0x0000006f95700000) (1024K)]
  0x0000018b4b611d60 JavaThread "DestroyJavaVM"                     [_thread_blocked, id=10656, stack(0x0000006f91c00000,0x0000006f91d00000) (1024K)]
  0x0000018b4b524d90 JavaThread "C1 CompilerThread1"         daemon [_thread_blocked, id=18784, stack(0x0000006f91a00000,0x0000006f91b00000) (1024K)]
  0x0000018b4b524600 JavaThread "C1 CompilerThread2"         daemon [_thread_blocked, id=16948, stack(0x0000006f91b00000,0x0000006f91c00000) (1024K)]
  0x0000018b4b525520 JavaThread "C1 CompilerThread3"         daemon [_thread_blocked, id=16548, stack(0x0000006f92b00000,0x0000006f92c00000) (1024K)]
  0x0000018b46489860 JavaThread "nioEventLoopGroup-2-3"             [_thread_in_native, id=1596, stack(0x0000006f93400000,0x0000006f93500000) (1024K)]
  0x0000018b4b612c00 JavaThread "nioEventLoopGroup-2-4"             [_thread_in_native, id=19176, stack(0x0000006f93500000,0x0000006f93600000) (1024K)]
Total: 45

Other Threads:
  0x0000018b4111e4b0 VMThread "VM Thread"                           [id=17832, stack(0x0000006f92300000,0x0000006f92400000) (1024K)]
  0x0000018b61875ac0 WatcherThread "VM Periodic Task Thread"        [id=19640, stack(0x0000006f92200000,0x0000006f92300000) (1024K)]
  0x0000018b61779640 WorkerThread "GC Thread#0"                     [id=17888, stack(0x0000006f91d00000,0x0000006f91e00000) (1024K)]
  0x0000018b46f21df0 WorkerThread "GC Thread#1"                     [id=5760, stack(0x0000006f93800000,0x0000006f93900000) (1024K)]
  0x0000018b46eb4930 WorkerThread "GC Thread#2"                     [id=17528, stack(0x0000006f93900000,0x0000006f93a00000) (1024K)]
  0x0000018b46d652c0 WorkerThread "GC Thread#3"                     [id=2740, stack(0x0000006f93a00000,0x0000006f93b00000) (1024K)]
  0x0000018b46f48b40 WorkerThread "GC Thread#4"                     [id=1472, stack(0x0000006f93b00000,0x0000006f93c00000) (1024K)]
  0x0000018b46f4af50 WorkerThread "GC Thread#5"                     [id=7952, stack(0x0000006f93c00000,0x0000006f93d00000) (1024K)]
  0x0000018b46f4be10 WorkerThread "GC Thread#6"                     [id=1580, stack(0x0000006f93d00000,0x0000006f93e00000) (1024K)]
  0x0000018b46f4c1c0 WorkerThread "GC Thread#7"                     [id=15456, stack(0x0000006f93e00000,0x0000006f93f00000) (1024K)]
  0x0000018b6178f3e0 ConcurrentGCThread "G1 Main Marker"            [id=16568, stack(0x0000006f91e00000,0x0000006f91f00000) (1024K)]
  0x0000018b61790970 WorkerThread "G1 Conc#0"                       [id=10752, stack(0x0000006f91f00000,0x0000006f92000000) (1024K)]
  0x0000018b47b6fd00 WorkerThread "G1 Conc#1"                       [id=6612, stack(0x0000006f94100000,0x0000006f94200000) (1024K)]
  0x0000018b618611e0 ConcurrentGCThread "G1 Refine#0"               [id=19164, stack(0x0000006f92000000,0x0000006f92100000) (1024K)]
  0x0000018b61862b20 ConcurrentGCThread "G1 Service"                [id=19524, stack(0x0000006f92100000,0x0000006f92200000) (1024K)]
Total: 15

Threads with active compile tasks:
Total: 0

VM state: not at safepoint (normal execution)

VM Mutex/Monitor currently owned by a thread: None

Heap address: 0x0000000701c00000, size: 4068 MB, Compressed Oops mode: Zero based, Oop shift amount: 3

CDS archive(s) mapped at: [0x0000018b00000000-0x0000018b00d40000-0x0000018b00d40000), size 13893632, SharedBaseAddress: 0x0000018b00000000, ArchiveRelocationMode: 1.
Compressed class space mapped at: 0x0000018b01000000-0x0000018b41000000, reserved size: 1073741824
UseCompressedClassPointers 1, UseCompactObjectHeaders 0
Narrow klass pointer bits 32, Max shift 3
Narrow klass base: 0x0000018b00000000, Narrow klass shift: 0
Encoding Range: [0x0000018b00000000 - 0x0000018c00000000), (4294967296 bytes)
Klass Range:    [0x0000018b00000000 - 0x0000018b41000000), (1090519040 bytes)
Klass ID Range:  [8 - 1090519033) (1090519025)

GC Precious Log:
 CardTable entry size: 512
 Card Set container configuration: InlinePtr #cards 4 size 8 Array Of Cards #cards 16 size 48 Howl #buckets 8 coarsen threshold 3686 Howl Bitmap #cards 512 size 80 coarsen threshold 460 Card regions per heap region 1 cards per card region 4096
 CPUs: 8 total, 8 available
 Memory: 16266M
 Large Page Support: Disabled
 NUMA Support: Disabled
 Compressed Oops: Enabled (Zero based)
 Heap Region Size: 2M
 Heap Min Capacity: 8M
 Heap Initial Capacity: 256M
 Heap Max Capacity: 4068M
 Pre-touch: Disabled
 Parallel Workers: 8
 Concurrent Workers: 2
 Concurrent Refinement Workers: 8
 Periodic GC: Disabled

Heap:
 garbage-first heap   total reserved 4165632K, committed 75776K, used 57079K [0x0000000701c00000, 0x0000000800000000)
  region size 2048K, 17 young (34816K), 1 survivors (2048K)
 Metaspace       used 55671K, committed 56256K, reserved 1114112K
  class space    used 6516K, committed 6720K, reserved 1048576K

Heap Regions: E=young(eden), S=young(survivor), O=old, HS=humongous(starts), HC=humongous(continues), CS=collection set, F=free, TAMS=top-at-mark-start, PB=parsable bottom
|   0|0x0000000701c00000, 0x0000000701dbde28, 0x0000000701e00000| 87%| O|  |TAMS 0x0000000701c00000| PB 0x0000000701c00000| Untracked |  0
|   1|0x0000000701e00000, 0x0000000702000000, 0x0000000702000000|100%| O|  |TAMS 0x0000000701e00000| PB 0x0000000701e00000| Untracked |  0
|   2|0x0000000702000000, 0x0000000702200000, 0x0000000702200000|100%| O|  |TAMS 0x0000000702000000| PB 0x0000000702000000| Untracked |  0
|   3|0x0000000702200000, 0x0000000702400000, 0x0000000702400000|100%| O|  |TAMS 0x0000000702200000| PB 0x0000000702200000| Untracked |  0
|   4|0x0000000702400000, 0x0000000702600000, 0x0000000702600000|100%| O|  |TAMS 0x0000000702400000| PB 0x0000000702400000| Untracked |  0
|   5|0x0000000702600000, 0x0000000702800000, 0x0000000702800000|100%| O|  |TAMS 0x0000000702600000| PB 0x0000000702600000| Untracked |  0
|   6|0x0000000702800000, 0x00000007029efd20, 0x0000000702a00000| 96%| O|  |TAMS 0x0000000702800000| PB 0x0000000702800000| Untracked |  0
|   7|0x0000000702a00000, 0x0000000702c00000, 0x0000000702c00000|100%| O|  |TAMS 0x0000000702a00000| PB 0x0000000702a00000| Untracked |  0
|   8|0x0000000702c00000, 0x0000000702ca7f70, 0x0000000702e00000| 32%| O|  |TAMS 0x0000000702c00000| PB 0x0000000702c00000| Untracked |  0
|   9|0x0000000702e00000, 0x0000000703000000, 0x0000000703000000|100%| O|  |TAMS 0x0000000702e00000| PB 0x0000000702e00000| Untracked |  0
|  10|0x0000000703000000, 0x0000000703200000, 0x0000000703200000|100%| O|  |TAMS 0x0000000703000000| PB 0x0000000703000000| Untracked |  0
|  11|0x0000000703200000, 0x0000000703400000, 0x0000000703400000|100%| O|  |TAMS 0x0000000703200000| PB 0x0000000703200000| Untracked |  0
|  12|0x0000000703400000, 0x0000000703400000, 0x0000000703600000|  0%| F|  |TAMS 0x0000000703400000| PB 0x0000000703400000| Untracked |  0
|  13|0x0000000703600000, 0x0000000703600000, 0x0000000703800000|  0%| F|  |TAMS 0x0000000703600000| PB 0x0000000703600000| Untracked |  0
|  14|0x0000000703800000, 0x0000000703800000, 0x0000000703a00000|  0%| F|  |TAMS 0x0000000703800000| PB 0x0000000703800000| Untracked |  0
|  15|0x0000000703a00000, 0x0000000703c00000, 0x0000000703c00000|100%| O|  |TAMS 0x0000000703a00000| PB 0x0000000703a00000| Untracked |  0
|  16|0x0000000703c00000, 0x0000000703e00000, 0x0000000703e00000|100%| O|  |TAMS 0x0000000703c00000| PB 0x0000000703c00000| Untracked |  0
|  17|0x0000000703e00000, 0x0000000703e00000, 0x0000000704000000|  0%| F|  |TAMS 0x0000000703e00000| PB 0x0000000703e00000| Untracked |  0
|  18|0x0000000704000000, 0x0000000704000000, 0x0000000704200000|  0%| F|  |TAMS 0x0000000704000000| PB 0x0000000704000000| Untracked |  0
|  19|0x0000000704200000, 0x0000000704368180, 0x0000000704400000| 70%| S|CS|TAMS 0x0000000704200000| PB 0x0000000704200000| Complete |  0
|  20|0x0000000704400000, 0x0000000704400000, 0x0000000704600000|  0%| F|  |TAMS 0x0000000704400000| PB 0x0000000704400000| Untracked |  0
|  21|0x0000000704600000, 0x000000070475e140, 0x0000000704800000| 68%| E|  |TAMS 0x0000000704600000| PB 0x0000000704600000| Complete |  0
|  22|0x0000000704800000, 0x0000000704a00000, 0x0000000704a00000|100%| E|  |TAMS 0x0000000704800000| PB 0x0000000704800000| Complete |  0
|  23|0x0000000704a00000, 0x0000000704c00000, 0x0000000704c00000|100%| E|CS|TAMS 0x0000000704a00000| PB 0x0000000704a00000| Complete |  0
|  24|0x0000000704c00000, 0x0000000704e00000, 0x0000000704e00000|100%| E|CS|TAMS 0x0000000704c00000| PB 0x0000000704c00000| Complete |  0
|  25|0x0000000704e00000, 0x0000000705000000, 0x0000000705000000|100%| E|CS|TAMS 0x0000000704e00000| PB 0x0000000704e00000| Complete |  0
|  26|0x0000000705000000, 0x0000000705200000, 0x0000000705200000|100%| E|CS|TAMS 0x0000000705000000| PB 0x0000000705000000| Complete |  0
|  27|0x0000000705200000, 0x0000000705400000, 0x0000000705400000|100%| E|CS|TAMS 0x0000000705200000| PB 0x0000000705200000| Complete |  0
|  28|0x0000000705400000, 0x0000000705600000, 0x0000000705600000|100%| E|CS|TAMS 0x0000000705400000| PB 0x0000000705400000| Complete |  0
|  29|0x0000000705600000, 0x0000000705800000, 0x0000000705800000|100%| E|CS|TAMS 0x0000000705600000| PB 0x0000000705600000| Complete |  0
|  30|0x0000000705800000, 0x0000000705a00000, 0x0000000705a00000|100%| E|CS|TAMS 0x0000000705800000| PB 0x0000000705800000| Complete |  0
|  31|0x0000000705a00000, 0x0000000705c00000, 0x0000000705c00000|100%| E|CS|TAMS 0x0000000705a00000| PB 0x0000000705a00000| Complete |  0
|  32|0x0000000705c00000, 0x0000000705e00000, 0x0000000705e00000|100%| E|CS|TAMS 0x0000000705c00000| PB 0x0000000705c00000| Complete |  0
|  33|0x0000000705e00000, 0x0000000706000000, 0x0000000706000000|100%| E|CS|TAMS 0x0000000705e00000| PB 0x0000000705e00000| Complete |  0
|  95|0x000000070da00000, 0x000000070dc00000, 0x000000070dc00000|100%| E|CS|TAMS 0x000000070da00000| PB 0x000000070da00000| Complete |  0
|  96|0x000000070dc00000, 0x000000070de00000, 0x000000070de00000|100%| E|CS|TAMS 0x000000070dc00000| PB 0x000000070dc00000| Complete |  0
|2033|0x00000007ffe00000, 0x0000000800000000, 0x0000000800000000|100%| E|CS|TAMS 0x00000007ffe00000| PB 0x00000007ffe00000| Complete |  0

Card table byte_map: [0x0000018b6ea60000,0x0000018b6f260000] _byte_map_base: 0x0000018b6b252000

Marking Bits: (CMBitMap*) 0x0000018b61779c60
 Bits: [0x0000018b6f260000, 0x0000018b731f0000)

Polling page: 0x0000018b5fa10000

Metaspace:

Usage:
  Non-class:     48.00 MB used.
      Class:      6.36 MB used.
       Both:     54.37 MB used.

Virtual space:
  Non-class space:       64.00 MB reserved,      48.38 MB ( 76%) committed,  1 nodes.
      Class space:        1.00 GB reserved,       6.56 MB ( <1%) committed,  1 nodes.
             Both:        1.06 GB reserved,      54.94 MB (  5%) committed. 

Chunk freelists:
   Non-Class:  15.30 MB
       Class:  9.26 MB
        Both:  24.55 MB

MaxMetaspaceSize: unlimited
CompressedClassSpaceSize: 1.00 GB
Initial GC threshold: 21.00 MB
Current GC threshold: 59.00 MB
CDS: on
 - commit_granule_bytes: 65536.
 - commit_granule_words: 8192.
 - virtual_space_node_default_size: 8388608.
 - enlarge_chunks_in_place: 1.
UseCompressedClassPointers 1, UseCompactObjectHeaders 0
Narrow klass pointer bits 32, Max shift 3
Narrow klass base: 0x0000018b00000000, Narrow klass shift: 0
Encoding Range: [0x0000018b00000000 - 0x0000018c00000000), (4294967296 bytes)
Klass Range:    [0x0000018b00000000 - 0x0000018b41000000), (1090519040 bytes)
Klass ID Range:  [8 - 1090519033) (1090519025)


Internal statistics:

num_allocs_failed_limit: 6.
num_arena_births: 730.
num_arena_deaths: 0.
num_vsnodes_births: 2.
num_vsnodes_deaths: 0.
num_space_committed: 879.
num_space_uncommitted: 0.
num_chunks_returned_to_freelist: 6.
num_chunks_taken_from_freelist: 2613.
num_chunk_merges: 6.
num_chunk_splits: 1860.
num_chunks_enlarged: 1477.
num_inconsistent_stats: 0.

CodeCache: size=49152Kb used=10528Kb max_used=10528Kb free=38623Kb
 bounds [0x0000018b6ac00000, 0x0000018b6b650000, 0x0000018b6dc00000]
 total_blobs=6627, nmethods=5968, adapters=581, full_count=0
Compilation: enabled, stopped_count=0, restarted_count=0

Compilation events (20 events):
Event: 307.591 Thread 0x0000018b4b525520 nmethod 5899 0x0000018b6b61eb88 code [0x0000018b6b61ece0, 0x0000018b6b61ef48]
Event: 307.591 Thread 0x0000018b4b524d90 5901       1       com.mongodb.internal.connection.ProtocolHelper::getField (81 bytes)
Event: 307.591 Thread 0x0000018b4114fac0 nmethod 5900 0x0000018b6b61f008 code [0x0000018b6b61f180, 0x0000018b6b61f748]
Event: 307.591 Thread 0x0000018b4b525520 5902       1       org.bson.BsonValue::isNumber (5 bytes)
Event: 307.592 Thread 0x0000018b4b525520 nmethod 5902 0x0000018b6b61f808 code [0x0000018b6b61f920, 0x0000018b6b61fa20]
Event: 307.592 Thread 0x0000018b4b524d90 nmethod 5901 0x0000018b6b61fb08 code [0x0000018b6b61fd20, 0x0000018b6b620560]
Event: 307.593 Thread 0x0000018b4b524600 5903       1       com.mongodb.internal.TimeoutSettings::getReadTimeoutMS (5 bytes)
Event: 307.593 Thread 0x0000018b4b524600 nmethod 5903 0x0000018b6b620708 code [0x0000018b6b620800, 0x0000018b6b6208c8]
Event: 307.594 Thread 0x0000018b4114fac0 5904       1       java.util.concurrent.atomic.AtomicIntegerFieldUpdater$AtomicIntegerFieldUpdaterImpl::accessCheck (17 bytes)
Event: 307.594 Thread 0x0000018b4114fac0 nmethod 5904 0x0000018b6b620a08 code [0x0000018b6b620b20, 0x0000018b6b620c48]
Event: 307.609 Thread 0x0000018b4b524600 5905       1       org.springframework.context.event.GenericApplicationListenerAdapter::resolveDeclaredEventType (41 bytes)
Event: 307.609 Thread 0x0000018b4114fac0 5906       1       org.springframework.context.event.GenericApplicationListenerAdapter::supportsEventType (100 bytes)
Event: 307.610 Thread 0x0000018b4b524600 nmethod 5905 0x0000018b6b620d08 code [0x0000018b6b620e60, 0x0000018b6b621058]
Event: 307.610 Thread 0x0000018b4114fac0 nmethod 5906 0x0000018b6b621088 code [0x0000018b6b6211e0, 0x0000018b6b621578]
Event: 307.612 Thread 0x0000018b4b525520 5907       1       java.lang.StackFrameInfo::declaringClass (13 bytes)
Event: 307.612 Thread 0x0000018b4b524600 5908       1       java.lang.invoke.MethodHandleImpl$1::getDeclaringClass (10 bytes)
Event: 307.613 Thread 0x0000018b4b524600 nmethod 5908 0x0000018b6b621608 code [0x0000018b6b621720, 0x0000018b6b621830]
Event: 307.613 Thread 0x0000018b4b525520 nmethod 5907 0x0000018b6b621908 code [0x0000018b6b621a20, 0x0000018b6b621b38]
Event: 307.624 Thread 0x0000018b4b525520 5909       1       org.springframework.data.util.Lazy::get (21 bytes)
Event: 307.625 Thread 0x0000018b4b525520 nmethod 5909 0x0000018b6b621c08 code [0x0000018b6b621d40, 0x0000018b6b621f90]

GC Heap History (20 events):
Event: 3.030 GC heap before
{Heap before GC invocations=1 (full 0):
 garbage-first heap   total reserved 4165632K, committed 264192K, used 56168K [0x0000000701c00000, 0x0000000800000000)
  region size 2048K, 28 young (57344K), 3 survivors (6144K)
 Metaspace       used 21239K, committed 21504K, reserved 1114112K
  class space    used 2256K, committed 2368K, reserved 1048576K
}
Event: 3.037 GC heap after
{Heap after GC invocations=2 (full 0):
 garbage-first heap   total reserved 4165632K, committed 264192K, used 12843K [0x0000000701c00000, 0x0000000800000000)
  region size 2048K, 5 young (10240K), 5 survivors (10240K)
 Metaspace       used 21239K, committed 21504K, reserved 1114112K
  class space    used 2256K, committed 2368K, reserved 1048576K
}
Event: 3.231 GC heap before
{Heap before GC invocations=3 (full 0):
 garbage-first heap   total reserved 4165632K, committed 49152K, used 31275K [0x0000000701c00000, 0x0000000800000000)
  region size 2048K, 14 young (28672K), 5 survivors (10240K)
 Metaspace       used 24157K, committed 24448K, reserved 1114112K
  class space    used 2531K, committed 2624K, reserved 1048576K
}
Event: 3.258 GC heap after
{Heap after GC invocations=4 (full 0):
 garbage-first heap   total reserved 4165632K, committed 49152K, used 13725K [0x0000000701c00000, 0x0000000800000000)
  region size 2048K, 1 young (2048K), 1 survivors (2048K)
 Metaspace       used 24157K, committed 24448K, reserved 1114112K
  class space    used 2531K, committed 2624K, reserved 1048576K
}
Event: 3.617 GC heap before
{Heap before GC invocations=4 (full 0):
 garbage-first heap   total reserved 4165632K, committed 49152K, used 32157K [0x0000000701c00000, 0x0000000800000000)
  region size 2048K, 11 young (22528K), 1 survivors (2048K)
 Metaspace       used 25638K, committed 25920K, reserved 1114112K
  class space    used 2719K, committed 2880K, reserved 1048576K
}
Event: 3.639 GC heap after
{Heap after GC invocations=5 (full 0):
 garbage-first heap   total reserved 4165632K, committed 49152K, used 15794K [0x0000000701c00000, 0x0000000800000000)
  region size 2048K, 2 young (4096K), 2 survivors (4096K)
 Metaspace       used 25638K, committed 25920K, reserved 1114112K
  class space    used 2719K, committed 2880K, reserved 1048576K
}
Event: 4.076 GC heap before
{Heap before GC invocations=5 (full 0):
 garbage-first heap   total reserved 4165632K, committed 49152K, used 36274K [0x0000000701c00000, 0x0000000800000000)
  region size 2048K, 12 young (24576K), 2 survivors (4096K)
 Metaspace       used 28985K, committed 29312K, reserved 1114112K
  class space    used 3182K, committed 3328K, reserved 1048576K
}
Event: 4.095 GC heap after
{Heap after GC invocations=6 (full 0):
 garbage-first heap   total reserved 4165632K, committed 49152K, used 17039K [0x0000000701c00000, 0x0000000800000000)
  region size 2048K, 1 young (2048K), 1 survivors (2048K)
 Metaspace       used 28985K, committed 29312K, reserved 1114112K
  class space    used 3182K, committed 3328K, reserved 1048576K
}
Event: 4.598 GC heap before
{Heap before GC invocations=6 (full 0):
 garbage-first heap   total reserved 4165632K, committed 49152K, used 35471K [0x0000000701c00000, 0x0000000800000000)
  region size 2048K, 11 young (22528K), 1 survivors (2048K)
 Metaspace       used 31837K, committed 32256K, reserved 1114112K
  class space    used 3554K, committed 3712K, reserved 1048576K
}
Event: 4.614 GC heap after
{Heap after GC invocations=7 (full 0):
 garbage-first heap   total reserved 4165632K, committed 49152K, used 18312K [0x0000000701c00000, 0x0000000800000000)
  region size 2048K, 2 young (4096K), 2 survivors (4096K)
 Metaspace       used 31837K, committed 32256K, reserved 1114112K
  class space    used 3554K, committed 3712K, reserved 1048576K
}
Event: 5.082 GC heap before
{Heap before GC invocations=7 (full 0):
 garbage-first heap   total reserved 4165632K, committed 49152K, used 36744K [0x0000000701c00000, 0x0000000800000000)
  region size 2048K, 12 young (24576K), 2 survivors (4096K)
 Metaspace       used 34575K, committed 35072K, reserved 1114112K
  class space    used 3877K, committed 4096K, reserved 1048576K
}
Event: 5.097 GC heap after
{Heap after GC invocations=8 (full 0):
 garbage-first heap   total reserved 4165632K, committed 155648K, used 20036K [0x0000000701c00000, 0x0000000800000000)
  region size 2048K, 2 young (4096K), 2 survivors (4096K)
 Metaspace       used 34575K, committed 35072K, reserved 1114112K
  class space    used 3877K, committed 4096K, reserved 1048576K
}
Event: 5.298 GC heap before
{Heap before GC invocations=8 (full 0):
 garbage-first heap   total reserved 4165632K, committed 155648K, used 28228K [0x0000000701c00000, 0x0000000800000000)
  region size 2048K, 7 young (14336K), 2 survivors (4096K)
 Metaspace       used 35707K, committed 36160K, reserved 1114112K
  class space    used 4008K, committed 4224K, reserved 1048576K
}
Event: 5.317 GC heap after
{Heap after GC invocations=9 (full 0):
 garbage-first heap   total reserved 4165632K, committed 155648K, used 20530K [0x0000000701c00000, 0x0000000800000000)
  region size 2048K, 2 young (4096K), 2 survivors (4096K)
 Metaspace       used 35707K, committed 36160K, reserved 1114112K
  class space    used 4008K, committed 4224K, reserved 1048576K
}
Event: 6.302 GC heap before
{Heap before GC invocations=10 (full 0):
 garbage-first heap   total reserved 4165632K, committed 75776K, used 59442K [0x0000000701c00000, 0x0000000800000000)
  region size 2048K, 22 young (45056K), 2 survivors (4096K)
 Metaspace       used 44475K, committed 44928K, reserved 1114112K
  class space    used 4993K, committed 5184K, reserved 1048576K
}
Event: 6.310 GC heap after
{Heap after GC invocations=11 (full 0):
 garbage-first heap   total reserved 4165632K, committed 75776K, used 23737K [0x0000000701c00000, 0x0000000800000000)
  region size 2048K, 3 young (6144K), 3 survivors (6144K)
 Metaspace       used 44475K, committed 44928K, reserved 1114112K
  class space    used 4993K, committed 5184K, reserved 1048576K
}
Event: 7.118 GC heap before
{Heap before GC invocations=11 (full 0):
 garbage-first heap   total reserved 4165632K, committed 75776K, used 58553K [0x0000000701c00000, 0x0000000800000000)
  region size 2048K, 21 young (43008K), 3 survivors (6144K)
 Metaspace       used 49584K, committed 50112K, reserved 1114112K
  class space    used 5669K, committed 5888K, reserved 1048576K
}
Event: 7.147 GC heap after
{Heap after GC invocations=12 (full 0):
 garbage-first heap   total reserved 4165632K, committed 75776K, used 27224K [0x0000000701c00000, 0x0000000800000000)
  region size 2048K, 2 young (4096K), 2 survivors (4096K)
 Metaspace       used 49584K, committed 50112K, reserved 1114112K
  class space    used 5669K, committed 5888K, reserved 1048576K
}
Event: 8.555 GC heap before
{Heap before GC invocations=12 (full 0):
 garbage-first heap   total reserved 4165632K, committed 75776K, used 62040K [0x0000000701c00000, 0x0000000800000000)
  region size 2048K, 19 young (38912K), 2 survivors (4096K)
 Metaspace       used 51640K, committed 52160K, reserved 1114112K
  class space    used 5930K, committed 6144K, reserved 1048576K
}
Event: 8.573 GC heap after
{Heap after GC invocations=13 (full 0):
 garbage-first heap   total reserved 4165632K, committed 75776K, used 28407K [0x0000000701c00000, 0x0000000800000000)
  region size 2048K, 1 young (2048K), 1 survivors (2048K)
 Metaspace       used 51640K, committed 52160K, reserved 1114112K
  class space    used 5930K, committed 6144K, reserved 1048576K
}

Dll operation events (13 events):
Event: 0.022 Loaded shared library C:\Users\ASUS\.jdks\openjdk-24.0.1\bin\java.dll
Event: 0.024 Loaded shared library C:\Users\ASUS\.jdks\openjdk-24.0.1\bin\zip.dll
Event: 0.309 Loaded shared library C:\Users\ASUS\.jdks\openjdk-24.0.1\bin\instrument.dll
Event: 0.724 Loaded shared library C:\Users\ASUS\.jdks\openjdk-24.0.1\bin\net.dll
Event: 0.727 Loaded shared library C:\Users\ASUS\.jdks\openjdk-24.0.1\bin\nio.dll
Event: 0.738 Loaded shared library C:\Users\ASUS\.jdks\openjdk-24.0.1\bin\zip.dll
Event: 0.797 Loaded shared library C:\Users\ASUS\.jdks\openjdk-24.0.1\bin\jimage.dll
Event: 1.075 Loaded shared library C:\Users\ASUS\.jdks\openjdk-24.0.1\bin\management.dll
Event: 1.094 Loaded shared library C:\Users\ASUS\.jdks\openjdk-24.0.1\bin\management_ext.dll
Event: 1.635 Loaded shared library C:\Users\ASUS\.jdks\openjdk-24.0.1\bin\extnet.dll
Event: 3.381 Loaded shared library C:\Users\ASUS\.jdks\openjdk-24.0.1\bin\sunmscapi.dll
Event: 8.462 Loaded shared library C:\Users\ASUS\.jdks\openjdk-24.0.1\bin\verify.dll
Event: 307.560 Loaded shared library C:\Users\ASUS\AppData\Local\Temp\idea_libasyncProfiler_dll_temp_folder2\libasyncProfiler.dll

Deoptimization events (20 events):
Event: 307.584 Thread 0x0000018b4b610020 DEOPT PACKING pc=0x0000018b6b291804 sp=0x0000006f94ff8ad0
Event: 307.584 Thread 0x0000018b4b610020 DEOPT UNPACKING pc=0x0000018b6ac55722 sp=0x0000006f94ff8020 mode 1
Event: 307.584 Thread 0x0000018b4b610020 DEOPT PACKING pc=0x0000018b6b28b86c sp=0x0000006f94ff8be0
Event: 307.584 Thread 0x0000018b4b610020 DEOPT UNPACKING pc=0x0000018b6ac55722 sp=0x0000006f94ff8130 mode 1
Event: 307.584 Thread 0x0000018b4b610020 DEOPT PACKING pc=0x0000018b6b290ee4 sp=0x0000006f94ff95e0
Event: 307.584 Thread 0x0000018b4b610020 DEOPT UNPACKING pc=0x0000018b6ac55722 sp=0x0000006f94ff8b30 mode 1
Event: 307.584 Thread 0x0000018b4b610020 DEOPT PACKING pc=0x0000018b6b291804 sp=0x0000006f94ff96f0
Event: 307.584 Thread 0x0000018b4b610020 DEOPT UNPACKING pc=0x0000018b6ac55722 sp=0x0000006f94ff8c40 mode 1
Event: 307.584 Thread 0x0000018b4b610020 DEOPT PACKING pc=0x0000018b6b28b86c sp=0x0000006f94ff9800
Event: 307.584 Thread 0x0000018b4b610020 DEOPT UNPACKING pc=0x0000018b6ac55722 sp=0x0000006f94ff8d50 mode 1
Event: 307.584 Thread 0x0000018b4b610020 DEOPT PACKING pc=0x0000018b6b290ee4 sp=0x0000006f94ff9630
Event: 307.584 Thread 0x0000018b4b610020 DEOPT UNPACKING pc=0x0000018b6ac55722 sp=0x0000006f94ff8b80 mode 1
Event: 307.584 Thread 0x0000018b4b610020 DEOPT PACKING pc=0x0000018b6b291804 sp=0x0000006f94ff9740
Event: 307.584 Thread 0x0000018b4b610020 DEOPT UNPACKING pc=0x0000018b6ac55722 sp=0x0000006f94ff8c90 mode 1
Event: 307.584 Thread 0x0000018b4b610020 DEOPT PACKING pc=0x0000018b6b28b86c sp=0x0000006f94ff9850
Event: 307.584 Thread 0x0000018b4b610020 DEOPT UNPACKING pc=0x0000018b6ac55722 sp=0x0000006f94ff8da0 mode 1
Event: 307.599 Thread 0x0000018b4b610020 DEOPT PACKING pc=0x0000018b6afdf751 sp=0x0000006f94ff9b50
Event: 307.599 Thread 0x0000018b4b610020 DEOPT UNPACKING pc=0x0000018b6ac55722 sp=0x0000006f94ff8ff8 mode 1
Event: 307.599 Thread 0x0000018b4b610020 DEOPT PACKING pc=0x0000018b6afdf38c sp=0x0000006f94ff9bb0
Event: 307.599 Thread 0x0000018b4b610020 DEOPT UNPACKING pc=0x0000018b6ac55722 sp=0x0000006f94ff9058 mode 1

Classes loaded (20 events):
Event: 307.618 Loading class org/springframework/data/mapping/AccessOptions
Event: 307.618 Loading class org/springframework/data/mapping/AccessOptions done
Event: 307.619 Loading class org/springframework/data/mapping/AccessOptions$GetOptions
Event: 307.619 Loading class org/springframework/data/mapping/AccessOptions$GetOptions done
Event: 307.619 Loading class org/springframework/data/mapping/AccessOptions$GetOptions$GetNulls
Event: 307.619 Loading class org/springframework/data/mapping/AccessOptions$GetOptions$GetNulls done
Event: 307.620 Loading class org/springframework/data/mongodb/core/convert/LazyLoadingProxy
Event: 307.620 Loading class org/springframework/data/mongodb/core/convert/LazyLoadingProxy done
Event: 307.620 Loading class org/springframework/data/convert/CustomConversions$TargetTypes
Event: 307.620 Loading class org/springframework/data/convert/CustomConversions$TargetTypes done
Event: 307.621 Loading class org/springframework/data/mongodb/util/BsonUtils
Event: 307.621 Loading class org/springframework/data/mongodb/util/BsonUtils done
Event: 307.622 Loading class org/springframework/data/mongodb/util/EmptyDocument
Event: 307.622 Loading class org/springframework/data/mongodb/util/EmptyDocument done
Event: 307.623 Loading class org/springframework/data/mongodb/core/convert/QueryMapper$Quirks
Event: 307.623 Loading class org/springframework/data/mongodb/core/convert/QueryMapper$Quirks done
Event: 307.624 Loading class org/springframework/data/mapping/model/BasicPersistentEntity$1
Event: 307.624 Loading class org/springframework/data/mapping/model/BasicPersistentEntity$1 done
Event: 307.625 Loading class org/springframework/data/annotation/ReadOnlyProperty
Event: 307.625 Loading class org/springframework/data/annotation/ReadOnlyProperty done

Classes unloaded (0 events):
No events

Classes redefined (1 events):
Event: 1.014 Thread 0x0000018b4111e4b0 redefined class name=java.lang.Throwable, count=1

Internal exceptions (20 events):
Event: 6.558 Thread 0x0000018b46489860 Exception <a 'sun/nio/fs/WindowsException'{0x0000000705d9a6a0}> (0x0000000705d9a6a0) 
thrown [s\open\src\hotspot\share\prims\jni.cpp, line 518]
Event: 6.654 Thread 0x0000018b46489860 Exception <a 'java/lang/NoSuchMethodError'{0x000000070587e118}: 'java.lang.Object java.lang.invoke.DirectMethodHandle$Holder.newInvokeSpecial(java.lang.Object, java.lang.Object, java.lang.Object, java.lang.Object, java.lang.Object, java.lang.Object, java.lang.Object, java.lang.Object)'> (0x000000070587e118) 
thrown [s\open\src\hotspot\share\interpreter\linkResolver.cpp, line 805]
Event: 6.812 Thread 0x0000018b46489860 Exception <a 'java/io/IOException'{0x000000070501f2d0}> (0x000000070501f2d0) 
thrown [s\open\src\hotspot\share\prims\jni.cpp, line 518]
Event: 6.942 Thread 0x0000018b46489860 Exception <a 'java/lang/IncompatibleClassChangeError'{0x0000000704b6bd88}: Found class java.lang.Object, but interface was expected> (0x0000000704b6bd88) 
thrown [s\open\src\hotspot\share\interpreter\linkResolver.cpp, line 872]
Event: 7.036 Thread 0x0000018b46489860 Exception <a 'java/lang/NoSuchMethodError'{0x000000070473fd30}: 'java.lang.Object java.lang.invoke.DirectMethodHandle$Holder.invokeInterface(java.lang.Object, java.lang.Object, java.lang.Object, java.lang.Object)'> (0x000000070473fd30) 
thrown [s\open\src\hotspot\share\interpreter\linkResolver.cpp, line 805]
Event: 7.083 Thread 0x0000018b46489860 Exception <a 'java/lang/NoSuchMethodError'{0x00000007045ad1c0}: 'void java.lang.invoke.DirectMethodHandle$Holder.invokeVirtual(java.lang.Object, java.lang.Object, long)'> (0x00000007045ad1c0) 
thrown [s\open\src\hotspot\share\interpreter\linkResolver.cpp, line 805]
Event: 7.117 Thread 0x0000018b46489860 Exception <a 'java/lang/NoSuchMethodError'{0x00000007043e9ee8}: 'int java.lang.invoke.DirectMethodHandle$Holder.invokeStaticInit(java.lang.Object, java.lang.Object, java.lang.Object, java.lang.Object)'> (0x00000007043e9ee8) 
thrown [s\open\src\hotspot\share\interpreter\linkResolver.cpp, line 805]
Event: 8.506 Thread 0x0000018b46489860 Exception <a 'java/lang/IncompatibleClassChangeError'{0x000000070467b390}: Found class java.lang.Object, but interface was expected> (0x000000070467b390) 
thrown [s\open\src\hotspot\share\interpreter\linkResolver.cpp, line 872]
Event: 8.539 Thread 0x0000018b46489860 Exception <a 'java/lang/NoSuchMethodError'{0x000000070442eae8}: 'java.lang.Object java.lang.invoke.DirectMethodHandle$Holder.newInvokeSpecial(java.lang.Object, java.lang.Object, int, java.lang.Object, java.lang.Object)'> (0x000000070442eae8) 
thrown [s\open\src\hotspot\share\interpreter\linkResolver.cpp, line 805]
Event: 8.752 Thread 0x0000018b4b60ea30 Exception <a 'java/lang/NoSuchMethodError'{0x000000070dd339d8}: 'java.lang.Object java.lang.invoke.DirectMethodHandle$Holder.invokeInterface(java.lang.Object, java.lang.Object, java.lang.Object, java.lang.Object, java.lang.Object, java.lang.Object, java.lang.Object)'> (0x000000070dd339d8) 
thrown [s\open\src\hotspot\share\interpreter\linkResolver.cpp, line 805]
Event: 8.759 Thread 0x0000018b4b60ea30 Exception <a 'java/lang/NoSuchMethodError'{0x000000070dd83dc0}: 'java.lang.Object java.lang.invoke.DirectMethodHandle$Holder.invokeStatic(java.lang.Object, java.lang.Object, java.lang.Object, java.lang.Object, java.lang.Object, java.lang.Object, java.lang.Object, java.lang.Object, java.lang.Object)'> (0x000000070dd83dc0) 
thrown [s\open\src\hotspot\share\interpreter\linkResolver.cpp, line 805]
Event: 8.765 Thread 0x0000018b4b60ea30 Exception <a 'java/lang/NoSuchMethodError'{0x000000070ddb5290}: 'java.lang.Object java.lang.invoke.DirectMethodHandle$Holder.invokeStatic(java.lang.Object, java.lang.Object, java.lang.Object, java.lang.Object, java.lang.Object, java.lang.Object, java.lang.Object, java.lang.Object, java.lang.Object, java.lang.Object)'> (0x000000070ddb5290) 
thrown [s\open\src\hotspot\share\interpreter\linkResolver.cpp, line 805]
Event: 14.261 Thread 0x0000018b4b610ec0 Exception <a 'java/lang/NoSuchMethodError'{0x000000070da5bf00}: 'java.lang.Object java.lang.invoke.DirectMethodHandle$Holder.invokeStatic(java.lang.Object, java.lang.Object, java.lang.Object, int, int)'> (0x000000070da5bf00) 
thrown [s\open\src\hotspot\share\interpreter\linkResolver.cpp, line 805]
Event: 14.261 Thread 0x0000018b4b610ec0 Exception <a 'java/lang/NoSuchMethodError'{0x000000070da63f80}: 'java.lang.Object java.lang.invoke.DirectMethodHandle$Holder.invokeStaticInit(java.lang.Object, java.lang.Object, java.lang.Object, int, int)'> (0x000000070da63f80) 
thrown [s\open\src\hotspot\share\interpreter\linkResolver.cpp, line 805]
Event: 14.377 Thread 0x0000018b49ed9e10 Exception <a 'java/lang/NoSuchMethodError'{0x000000070dbbc2f8}: 'java.lang.Object java.lang.invoke.DirectMethodHandle$Holder.invokeSpecial(java.lang.Object, java.lang.Object, java.lang.Object, java.lang.Object, java.lang.Object, long)'> (0x000000070dbbc2f8) 
thrown [s\open\src\hotspot\share\interpreter\linkResolver.cpp, line 805]
Event: 14.379 Thread 0x0000018b49ed9e10 Exception <a 'java/lang/NoSuchMethodError'{0x000000070dbc4c38}: 'java.lang.Object java.lang.invoke.DirectMethodHandle$Holder.invokeSpecial(java.lang.Object, java.lang.Object, java.lang.Object, java.lang.Object, java.lang.Object, java.lang.Object, long)'> (0x000000070dbc4c38) 
thrown [s\open\src\hotspot\share\interpreter\linkResolver.cpp, line 805]
Event: 14.380 Thread 0x0000018b49ed9e10 Exception <a 'java/lang/NoSuchMethodError'{0x000000070dbccfe8}: 'java.lang.Object java.lang.invoke.DelegatingMethodHandle$Holder.reinvoke_L(java.lang.Object, java.lang.Object, java.lang.Object, java.lang.Object, java.lang.Object, long)'> (0x000000070dbccfe8) 
thrown [s\open\src\hotspot\share\interpreter\linkResolver.cpp, line 805]
Event: 14.381 Thread 0x0000018b49ed9e10 Exception <a 'java/lang/NoSuchMethodError'{0x000000070dbdd3e0}: 'java.lang.Object java.lang.invoke.Invokers$Holder.linkToTargetMethod(java.lang.Object, java.lang.Object, java.lang.Object, long, java.lang.Object)'> (0x000000070dbdd3e0) 
thrown [s\open\src\hotspot\share\interpreter\linkResolver.cpp, line 805]
Event: 14.506 Thread 0x0000018b49ed80d0 Exception <a 'java/lang/NoSuchMethodError'{0x0000000705db0220}: 'java.lang.Object java.lang.invoke.DirectMethodHandle$Holder.invokeStatic(java.lang.Object, int, int)'> (0x0000000705db0220) 
thrown [s\open\src\hotspot\share\interpreter\linkResolver.cpp, line 805]
Event: 307.555 Thread 0x0000018b464889c0 Exception <a 'java/net/SocketException'{0x000000070da49e58}: Connection reset by peer: shutdown> (0x000000070da49e58) 
thrown [s\open\src\hotspot\share\prims\jni.cpp, line 536]

VM Operations (20 events):
Event: 263.828 Executing VM operation: get/set locals
Event: 263.828 Executing VM operation: get/set locals done
Event: 263.829 Executing VM operation: get/set locals
Event: 263.829 Executing VM operation: get/set locals done
Event: 263.830 Executing VM operation: get/set locals
Event: 263.830 Executing VM operation: get/set locals done
Event: 263.832 Executing VM operation: get/set locals
Event: 263.832 Executing VM operation: get/set locals done
Event: 263.833 Executing VM operation: get/set locals
Event: 263.833 Executing VM operation: get/set locals done
Event: 263.834 Executing VM operation: get/set locals
Event: 263.834 Executing VM operation: get/set locals done
Event: 263.835 Executing VM operation: get/set locals
Event: 263.835 Executing VM operation: get/set locals done
Event: 307.439 Executing VM operation: ChangeBreakpoints
Event: 307.439 Executing VM operation: ChangeBreakpoints done
Event: 307.536 Executing VM operation: ChangeBreakpoints
Event: 307.539 Executing VM operation: ChangeBreakpoints done
Event: 307.583 Executing VM operation: HandshakeAllThreads (Deoptimize)
Event: 307.583 Executing VM operation: HandshakeAllThreads (Deoptimize) done

Memory protections (0 events):
No events

Nmethod flushes (20 events):
Event: 5.379 Thread 0x0000018b4111e4b0 flushing  nmethod 0x0000018b6ae0fb08
Event: 5.379 Thread 0x0000018b4111e4b0 flushing  nmethod 0x0000018b6af01808
Event: 5.379 Thread 0x0000018b4111e4b0 flushing  nmethod 0x0000018b6af6de08
Event: 5.379 Thread 0x0000018b4111e4b0 flushing  nmethod 0x0000018b6af91788
Event: 5.379 Thread 0x0000018b4111e4b0 flushing  nmethod 0x0000018b6afbf608
Event: 5.379 Thread 0x0000018b4111e4b0 flushing  nmethod 0x0000018b6afc0108
Event: 5.379 Thread 0x0000018b4111e4b0 flushing  nmethod 0x0000018b6ad38088
Event: 5.379 Thread 0x0000018b4111e4b0 flushing  nmethod 0x0000018b6adff708
Event: 5.379 Thread 0x0000018b4111e4b0 flushing  nmethod 0x0000018b6adffa08
Event: 5.379 Thread 0x0000018b4111e4b0 flushing  nmethod 0x0000018b6adffe88
Event: 5.379 Thread 0x0000018b4111e4b0 flushing  nmethod 0x0000018b6ae00288
Event: 5.379 Thread 0x0000018b4111e4b0 flushing  nmethod 0x0000018b6ae01108
Event: 5.379 Thread 0x0000018b4111e4b0 flushing  nmethod 0x0000018b6ae01b08
Event: 5.379 Thread 0x0000018b4111e4b0 flushing  nmethod 0x0000018b6aef4808
Event: 5.379 Thread 0x0000018b4111e4b0 flushing  nmethod 0x0000018b6af18408
Event: 5.379 Thread 0x0000018b4111e4b0 flushing  nmethod 0x0000018b6af18f08
Event: 5.379 Thread 0x0000018b4111e4b0 flushing  nmethod 0x0000018b6af68c88
Event: 5.379 Thread 0x0000018b4111e4b0 flushing  nmethod 0x0000018b6b0c9a88
Event: 5.379 Thread 0x0000018b4111e4b0 flushing  nmethod 0x0000018b6b0e7208
Event: 5.379 Thread 0x0000018b4111e4b0 flushing  nmethod 0x0000018b6b0e8d88

Events (20 events):
Event: 8.554 Thread 0x0000018b46489860 Thread added: 0x0000018b4b611610
Event: 8.555 Thread 0x0000018b46489860 Thread added: 0x0000018b4b610770
Event: 8.581 Thread 0x0000018b46489860 Thread added: 0x0000018b4b60e2e0
Event: 8.582 Thread 0x0000018b46489860 Thread added: 0x0000018b4b610ec0
Event: 8.601 Thread 0x0000018b46489860 Thread exited: 0x0000018b46489860
Event: 8.603 Thread 0x0000018b4648bcf0 Thread exited: 0x0000018b4648bcf0
Event: 8.604 Thread 0x0000018b61c1e210 Thread exited: 0x0000018b61c1e210
Event: 8.604 Thread 0x0000018b4b611d60 Thread added: 0x0000018b4b611d60
Event: 8.721 Thread 0x0000018b464889c0 Thread added: 0x0000018b4b60ea30
Event: 8.729 Thread 0x0000018b4b60ea30 Thread exited: 0x0000018b4b60ea30
Event: 8.740 Thread 0x0000018b4648ae50 Thread added: 0x0000018b4b60ea30
Event: 8.742 Thread 0x0000018b4b60ea30 Thread added: 0x0000018b4b613350
Event: 8.771 Thread 0x0000018b4b613350 Thread exited: 0x0000018b4b613350
Event: 8.773 Thread 0x0000018b4b60ea30 Thread added: 0x0000018b4b6124b0
Event: 8.783 Thread 0x0000018b4b6124b0 Thread exited: 0x0000018b4b6124b0
Event: 15.291 Thread 0x0000018b4124d5f0 Thread exited: 0x0000018b4124d5f0
Event: 307.549 Thread 0x0000018b4114fac0 Thread added: 0x0000018b4b524d90
Event: 307.549 Thread 0x0000018b4114fac0 Thread added: 0x0000018b4b524600
Event: 307.549 Thread 0x0000018b4114fac0 Thread added: 0x0000018b4b525520
Event: 307.555 Thread 0x0000018b4b60ea30 Thread exited: 0x0000018b4b60ea30


Dynamic libraries:
0x00007ff751110000 - 0x00007ff75111e000 	C:\Users\ASUS\.jdks\openjdk-24.0.1\bin\java.exe
0x00007ff898720000 - 0x00007ff898986000 	C:\WINDOWS\SYSTEM32\ntdll.dll
0x00007ff8967d0000 - 0x00007ff896899000 	C:\WINDOWS\System32\KERNEL32.DLL
0x00007ff896110000 - 0x00007ff8964dc000 	C:\WINDOWS\System32\KERNELBASE.dll
0x00007ff895a30000 - 0x00007ff895b7b000 	C:\WINDOWS\System32\ucrtbase.dll
0x00007ff891950000 - 0x00007ff891966000 	C:\Users\ASUS\.jdks\openjdk-24.0.1\bin\jli.dll
0x00007ff891b80000 - 0x00007ff891b9b000 	C:\Users\ASUS\.jdks\openjdk-24.0.1\bin\VCRUNTIME140.dll
0x00007ff896d70000 - 0x00007ff896f3a000 	C:\WINDOWS\System32\USER32.dll
0x00007ff895eb0000 - 0x00007ff895ed7000 	C:\WINDOWS\System32\win32u.dll
0x00007ff87d100000 - 0x00007ff87d39a000 	C:\WINDOWS\WinSxS\amd64_microsoft.windows.common-controls_6595b64144ccf1df_6.0.26100.3912_none_3e07963ce335137e\COMCTL32.dll
0x00007ff8967a0000 - 0x00007ff8967cb000 	C:\WINDOWS\System32\GDI32.dll
0x00007ff895d70000 - 0x00007ff895ea2000 	C:\WINDOWS\System32\gdi32full.dll
0x00007ff8977e0000 - 0x00007ff897889000 	C:\WINDOWS\System32\msvcrt.dll
0x00007ff895ee0000 - 0x00007ff895f83000 	C:\WINDOWS\System32\msvcp_win.dll
0x00007ff8968a0000 - 0x00007ff8968d0000 	C:\WINDOWS\System32\IMM32.DLL
0x00007ff891360000 - 0x00007ff89136c000 	C:\Users\ASUS\.jdks\openjdk-24.0.1\bin\vcruntime140_1.dll
0x00007ff83c830000 - 0x00007ff83c8be000 	C:\Users\ASUS\.jdks\openjdk-24.0.1\bin\msvcp140.dll
0x00007ff8200f0000 - 0x00007ff820e92000 	C:\Users\ASUS\.jdks\openjdk-24.0.1\bin\server\jvm.dll
0x00007ff8964f0000 - 0x00007ff8965a2000 	C:\WINDOWS\System32\ADVAPI32.dll
0x00007ff8966c0000 - 0x00007ff896766000 	C:\WINDOWS\System32\sechost.dll
0x00007ff896c30000 - 0x00007ff896d46000 	C:\WINDOWS\System32\RPCRT4.dll
0x00007ff896bb0000 - 0x00007ff896c24000 	C:\WINDOWS\System32\WS2_32.dll
0x00007ff895200000 - 0x00007ff89525e000 	C:\WINDOWS\SYSTEM32\POWRPROF.dll
0x00007ff88c9c0000 - 0x00007ff88c9f6000 	C:\WINDOWS\SYSTEM32\WINMM.dll
0x00007ff88e990000 - 0x00007ff88e99b000 	C:\WINDOWS\SYSTEM32\VERSION.dll
0x00007ff8951e0000 - 0x00007ff8951f4000 	C:\WINDOWS\SYSTEM32\UMPDC.dll
0x00007ff894670000 - 0x00007ff89468a000 	C:\WINDOWS\SYSTEM32\kernel.appcore.dll
0x00007ff8912e0000 - 0x00007ff8912ea000 	C:\Users\ASUS\.jdks\openjdk-24.0.1\bin\jimage.dll
0x00007ff892fd0000 - 0x00007ff893211000 	C:\WINDOWS\SYSTEM32\DBGHELP.DLL
0x00007ff898050000 - 0x00007ff8983d4000 	C:\WINDOWS\System32\combase.dll
0x00007ff8985f0000 - 0x00007ff8986d0000 	C:\WINDOWS\System32\OLEAUT32.dll
0x00007ff891970000 - 0x00007ff8919a9000 	C:\WINDOWS\SYSTEM32\dbgcore.DLL
0x00007ff895c40000 - 0x00007ff895cd9000 	C:\WINDOWS\System32\bcryptPrimitives.dll
0x00007ff878a60000 - 0x00007ff878a9c000 	C:\Users\ASUS\.jdks\openjdk-24.0.1\bin\jdwp.dll
0x00007ff8917f0000 - 0x00007ff8917ff000 	C:\Users\ASUS\.jdks\openjdk-24.0.1\bin\instrument.dll
0x00007ff890870000 - 0x00007ff89088e000 	C:\Users\ASUS\.jdks\openjdk-24.0.1\bin\java.dll
0x00007ff8968e0000 - 0x00007ff896a7f000 	C:\WINDOWS\System32\ole32.dll
0x00007ff8970b0000 - 0x00007ff8977dd000 	C:\WINDOWS\System32\SHELL32.dll
0x00007ff8958b0000 - 0x00007ff895a24000 	C:\WINDOWS\System32\wintypes.dll
0x00007ff8282f0000 - 0x00007ff8284e8000 	C:\Users\ASUS\AppData\Local\Temp\idea_libasyncProfiler_dll_temp_folder2\libasyncProfiler.dll
0x00007ff8905f0000 - 0x00007ff890607000 	C:\Users\ASUS\.jdks\openjdk-24.0.1\bin\zip.dll
0x00007ff893560000 - 0x00007ff893db6000 	C:\WINDOWS\SYSTEM32\windows.storage.dll
0x00007ff896ab0000 - 0x00007ff896b9f000 	C:\WINDOWS\System32\SHCORE.dll
0x00007ff897f80000 - 0x00007ff897fe9000 	C:\WINDOWS\System32\shlwapi.dll
0x00007ff8957c0000 - 0x00007ff8957ef000 	C:\WINDOWS\SYSTEM32\profapi.dll
0x00007ff8917e0000 - 0x00007ff8917ec000 	C:\Users\ASUS\.jdks\openjdk-24.0.1\bin\dt_socket.dll
0x00007ff8940b0000 - 0x00007ff8940e3000 	C:\WINDOWS\SYSTEM32\IPHLPAPI.DLL
0x00007ff894be0000 - 0x00007ff894c4a000 	C:\WINDOWS\system32\mswsock.dll
0x00007ff890ef0000 - 0x00007ff890f00000 	C:\Users\ASUS\.jdks\openjdk-24.0.1\bin\net.dll
0x00007ff890610000 - 0x00007ff890626000 	C:\Users\ASUS\.jdks\openjdk-24.0.1\bin\nio.dll
0x00007ff894140000 - 0x00007ff894267000 	C:\WINDOWS\SYSTEM32\DNSAPI.dll
0x00007ff8964e0000 - 0x00007ff8964ea000 	C:\WINDOWS\System32\NSI.dll
0x00007ff88d7c0000 - 0x00007ff88d7cb000 	C:\Windows\System32\rasadhlp.dll
0x00007ff88e1d0000 - 0x00007ff88e256000 	C:\WINDOWS\System32\fwpuclnt.dll
0x00007ff88e4b0000 - 0x00007ff88e4ba000 	C:\Users\ASUS\.jdks\openjdk-24.0.1\bin\management.dll
0x00007ff88dd40000 - 0x00007ff88dd4b000 	C:\Users\ASUS\.jdks\openjdk-24.0.1\bin\management_ext.dll
0x00007ff896d60000 - 0x00007ff896d68000 	C:\WINDOWS\System32\PSAPI.DLL
0x00007ff894e90000 - 0x00007ff894eac000 	C:\WINDOWS\SYSTEM32\CRYPTSP.dll
0x00007ff8945d0000 - 0x00007ff89460a000 	C:\WINDOWS\system32\rsaenh.dll
0x00007ff894c80000 - 0x00007ff894cab000 	C:\WINDOWS\SYSTEM32\USERENV.dll
0x00007ff895790000 - 0x00007ff8957b6000 	C:\WINDOWS\SYSTEM32\bcrypt.dll
0x00007ff894e80000 - 0x00007ff894e8c000 	C:\WINDOWS\SYSTEM32\CRYPTBASE.dll
0x00007ff87d990000 - 0x00007ff87d9a8000 	C:\WINDOWS\system32\napinsp.dll
0x00007ff87d970000 - 0x00007ff87d982000 	C:\WINDOWS\System32\winrnr.dll
0x00007ff887390000 - 0x00007ff8873c0000 	C:\WINDOWS\system32\nlansp_c.dll
0x00007ff877410000 - 0x00007ff877426000 	C:\WINDOWS\system32\wshbth.dll
0x00007ff890860000 - 0x00007ff890869000 	C:\Users\ASUS\.jdks\openjdk-24.0.1\bin\extnet.dll
0x00007ff891370000 - 0x00007ff89137e000 	C:\Users\ASUS\.jdks\openjdk-24.0.1\bin\sunmscapi.dll
0x00007ff895f90000 - 0x00007ff896107000 	C:\WINDOWS\System32\CRYPT32.dll
0x00007ff895080000 - 0x00007ff8950b0000 	C:\WINDOWS\SYSTEM32\ncrypt.dll
0x00007ff895030000 - 0x00007ff89506f000 	C:\WINDOWS\SYSTEM32\NTASN1.dll
0x00007ff875010000 - 0x00007ff875018000 	C:\WINDOWS\system32\wshunix.dll
0x00007ff88e4c0000 - 0x00007ff88e4d0000 	C:\Users\ASUS\.jdks\openjdk-24.0.1\bin\verify.dll

JVMTI agents:
jdwp path:C:\Users\ASUS\.jdks\openjdk-24.0.1\bin\jdwp.dll, loaded, initialized, options:transport=dt_socket,address=127.0.0.1:53040,suspend=y,server=n
C:\Users\ASUS\AppData\Local\JetBrains\IntelliJIdea2025.1\captureAgent\debugger-agent.jar path:C:\Users\ASUS\.jdks\openjdk-24.0.1\bin\instrument.dll, loaded, initialized, instrumentlib options:file:///C:/Users/ASUS/AppData/Local/Temp/capture4910157545430379438.props
C:\Users\ASUS\AppData\Local\Temp\idea_libasyncProfiler_dll_temp_folder2\libasyncProfiler.dll path:C:\Users\ASUS\AppData\Local\Temp\idea_libasyncProfiler_dll_temp_folder2\libasyncProfiler.dll, loaded, initialized, options:version,jfr,event=wall,interval=10ms,cstack=no,file=C:\Users\ASUS\IdeaSnapshots\SecurityTestApplication_2025_05_10_011125.jfr,dbghelppath=C:\Users\ASUS\AppData\Local\Temp\idea_dbghelp_dll_temp_folder1\dbghelp.dll,log=C:\Users\ASUS\AppData\Local\Temp\SecurityTestApplication_2025_05_10_011125.jfr.log.txt,logLevel=DEBUG

dbghelp: loaded successfully - version: 4.0.5 - missing functions: none
symbol engine: initialized successfully - sym options: 0x614 - pdb path: .;C:\Users\ASUS\.jdks\openjdk-24.0.1\bin;C:\WINDOWS\SYSTEM32;C:\WINDOWS\WinSxS\amd64_microsoft.windows.common-controls_6595b64144ccf1df_6.0.26100.3912_none_3e07963ce335137e;C:\Users\ASUS\.jdks\openjdk-24.0.1\bin\server;C:\Users\ASUS\AppData\Local\Temp\idea_libasyncProfiler_dll_temp_folder2

VM Arguments:
jvm_args: -agentlib:jdwp=transport=dt_socket,address=127.0.0.1:53040,suspend=y,server=n -javaagent:C:\Users\ASUS\AppData\Local\JetBrains\IntelliJIdea2025.1\captureAgent\debugger-agent.jar=file:///C:/Users/ASUS/AppData/Local/Temp/capture4910157545430379438.props -agentpath:C:\Users\ASUS\AppData\Local\Temp\idea_libasyncProfiler_dll_temp_folder2\libasyncProfiler.dll=version,jfr,event=wall,interval=10ms,cstack=no,file=C:\Users\ASUS\IdeaSnapshots\SecurityTestApplication_2025_05_10_011125.jfr,dbghelppath=C:\Users\ASUS\AppData\Local\Temp\idea_dbghelp_dll_temp_folder1\dbghelp.dll,log=C:\Users\ASUS\AppData\Local\Temp\SecurityTestApplication_2025_05_10_011125.jfr.log.txt,logLevel=DEBUG -XX:TieredStopAtLevel=1 -Dspring.output.ansi.enabled=always -Dcom.sun.management.jmxremote -Dspring.jmx.enabled=true -Dspring.liveBeansView.mbeanDomain -Dspring.application.admin.enabled=true -Dmanagement.endpoints.jmx.exposure.include=* -Dkotlinx.coroutines.debug.enable.creation.stack.trace=false -Ddebugger.agent.enable.coroutines=true -Dkotlinx.coroutines.debug.enable.flows.stack.trace=true -Dkotlinx.coroutines.debug.enable.mutable.state.flows.stack.trace=true -Dfile.encoding=UTF-8 -Dsun.stdout.encoding=UTF-8 -Dsun.stderr.encoding=UTF-8 
java_command: com.example.securitytest.SecurityTestApplication
java_class_path (initial): C:\Users\ASUS\IdeaProjects\SecurityTest\target\classes;C:\Users\ASUS\.m2\repository\jakarta\validation\jakarta.validation-api\3.1.0\jakarta.validation-api-3.1.0.jar;C:\Users\ASUS\.m2\repository\org\hibernate\validator\hibernate-validator\9.0.0.Beta3\hibernate-validator-9.0.0.Beta3.jar;C:\Users\ASUS\.m2\repository\org\jboss\logging\jboss-logging\3.6.1.Final\jboss-logging-3.6.1.Final.jar;C:\Users\ASUS\.m2\repository\com\fasterxml\classmate\1.7.0\classmate-1.7.0.jar;C:\Users\ASUS\.m2\repository\org\springframework\boot\spring-boot-starter-data-ldap\3.4.5\spring-boot-starter-data-ldap-3.4.5.jar;C:\Users\ASUS\.m2\repository\org\springframework\boot\spring-boot-starter\3.4.5\spring-boot-starter-3.4.5.jar;C:\Users\ASUS\.m2\repository\org\springframework\boot\spring-boot-starter-logging\3.4.5\spring-boot-starter-logging-3.4.5.jar;C:\Users\ASUS\.m2\repository\ch\qos\logback\logback-classic\1.5.18\logback-classic-1.5.18.jar;C:\Users\ASUS\.m2\repository\ch\qos\logback\logback-core\1.5.18\logback-core-1.5.18.jar;C:\Users\ASUS\.m2\repository\org\apache\logging\log4j\log4j-to-slf4j\2.24.3\log4j-to-slf4j-2.24.3.jar;C:\Users\ASUS\.m2\repository\org\apache\logging\log4j\log4j-api\2.24.3\log4j-api-2.24.3.jar;C:\Users\ASUS\.m2\repository\org\slf4j\jul-to-slf4j\2.0.17\jul-to-slf4j-2.0.17.jar;C:\Users\ASUS\.m2\repository\jakarta\annotation\jakarta.annotation-api\2.1.1\jakarta.annotation-api-2.1.1.jar;C:\Users\ASUS\.m2\repository\org\yaml\snakeyaml\2.3\snakeyaml-2.3.jar;C:\Users\ASUS\.m2\repository\org\springframework\data\spring-data-ldap\3.4.5\spring-data-ldap-3.4.5.jar;C:\Users\ASUS\.m2\repository\org\springframework\spring-context\6.2.6\spring-context-6.2.6.jar;C:\Users\ASUS\.m2\repository\org\springframework\spring-tx\6.2.6\spring-tx-6.2.6.jar;C:\Users\ASUS\.m2\repository\org\springframework\ldap\spring-ldap-core\3.2.12\spring-ldap-core-3.2.12.jar;C:\Users\ASUS\.m2\repository\org\springframework\data\spring-data-commons\3.4.5\spring-data-commons-3.4.5.jar;C:\Users\ASUS\.m2\repository\org\slf4j\slf4j-api\2.0.17\slf4j-api-2.0.17.jar;C:\Users\ASUS\.m2\repository\org\springframework\boot\spring-boot-starter-data-mongodb-reactive\3.4.5\spring-boot-starter-data-mongodb-reactive-3.4.5.jar;C:\Users\ASUS\.m2\repository\io\projectreactor\reactor-core\3.7.5\reactor-core-3.7.5.jar;C:\Users\ASUS\.m2\repository\org\reactivestreams\reactive-streams\1.0.4\reactive-streams-1.0.4.jar;C:\Users\ASUS\.m2\repository\org\mongodb\mongodb-driver-reactivestreams\5.2.1\mongodb-driver-reactivestreams-5.2.1.jar;C:\Users\ASUS\.m2\repository\org\mongodb\bson\5.2.1\bson-5.2.1.jar;C:\Users\ASUS\.m2\repository\org\mongodb\mongodb-driver-core\5.2.1\mongodb-driver-core-5.2.1.jar;C:\Users\ASUS\.m2\repository\org\mongodb\bson-record-codec\5.2.1\bson-record-codec-5.2.1.jar;C:\Users\ASUS\.m2\repository\org\springframework\data\spring-data-mongodb\4.4.5\spring-data-mongodb-4.4.5.jar;C:\Users\ASUS\.m2\repository\org\springframework\spring-beans\6.2.6\spring-beans-6.2.6.jar;C:\Users\ASUS\.m2\repository\org\springframework\spring-expression\6.2.6\spring-expression-6.2.6.jar;C:\Users\ASUS\.m2\repository\org\springframework\boot\spring-boot-starter-oauth2-authorization-server\3.4.5\spring-boot-starter-oauth2-authorization-server-3.4.5.jar;C:\Users\ASUS\.m2\repository\org\springframework\security\spring-security-oauth2-authorization-server\1.4.3\spring-security-oauth2-authorization-server-1.4.3.jar;C:\Users\ASUS\.m2\repository\org\springframework\security\spring-security-oauth2-core\6.4.5\spring-security-oauth2-core-6.4.5.jar;C:\Users\ASUS\.m2\repository\com\nimbusds\nimbus-jose-jwt\9.47\nimbus-jose-jwt-9.47.jar;C:\Users\ASUS\.m2\repository\com\fasterxml\jackson\core\jackson-databind\2.18.3\jackson-databind-2.18.3.jar;C:\Users\ASUS\.m2\repository\com\fasterxml\jackson\core\jackson-annotations\2.18.3\jackson-annotations-2.18.3.jar;C:\Users\ASUS\.m2\repository\com\fasterxml\jackson\core\jackson-core\2.18.3\jackson-core-2.18.3.jar;C:\Users\ASUS\.m2\repository\org\springframework\boot\spring-boot-starter-oauth2-client\3.4.5\spring-boot-starter-oauth2-client-3.4.5.jar;C:\Users\ASUS\.m2\repository\org\springframework\security\spring-security-config\6.4.5\spring-security-config-6.4.5.jar;C:\Users\ASUS\.m2\repository\org\springframework\security\spring-security-core\6.4.5\spring-security-core-6.4.5.jar;C:\Users\ASUS\.m2\repository\org\springframework\security\spring-security-crypto\6.4.5\spring-security-crypto-6.4.5.jar;C:\Users\ASUS\.m2\repository\io\micrometer\micrometer-observation\1.14.6\micrometer-observation-1.14.6.jar;C:\Users\ASUS\.m2\repository\io\micrometer\micrometer-commons\1.14.6\micrometer-commons-1.14.6.jar;C:\Users\ASUS\.m2\repository\org\springframework\security\spring-security-oauth2-client\6.4.5\spring-security-oauth2-client-6.4.5.jar;C:\Users\ASUS\.m2\repository\com\nimbusds\oauth2-oidc-sdk\9.43.6\oauth2-oidc-sdk-9.43.6.jar;C:\Users\ASUS\.m2\repository\com\github\stephenc\jcip\jcip-annotations\1.0-1\jcip-annotations-1.0-1.jar;C:\Users\ASUS\.m2\repository\com\nimbusds\content-type\2.2\content-type-2.2.jar;C:\Users\ASUS\.m2\repository\com\nimbusds\lang-tag\1.7\lang-tag-1.7.jar;C:\Users\ASUS\.m2\repository\org\springframework\security\spring-security-oauth2-jose\6.4.5\spring-security-oauth2-jose-6.4.5.jar;C:\Users\ASUS\.m2\repository\org\springframework\boot\spring-boot-starter-oauth2-resource-server\3.4.5\spring-boot-starter-oauth2-resource-server-3.4.5.jar;C:\Users\ASUS\.m2\repository\org\springframework\security\spring-security-oauth2-resource-server\6.4.5\spring-security-oauth2-resource-server-6.4.5.jar;C:\Users\ASUS\.m2\repository\org\springframework\boot\spring-boot-starter-security\3.4.5\spring-boot-starter-security-3.4.5.jar;C:\Users\ASUS\.m2\repository\org\springframework\spring-aop\6.2.6\spring-aop-6.2.6.jar;C:\Users\ASUS\.m2\repository\org\springframework\security\spring-security-web\6.4.5\spring-security-web-6.4.5.jar;C:\Users\ASUS\.m2\repository\org\springframework\boot\spring-boot-starter-web\3.4.5\spring-boot-starter-web-3.4.5.jar;C:\Users\ASUS\.m2\repository\org\springframework\boot\spring-boot-starter-json\3.4.5\spring-boot-starter-json-3.4.5.jar;C:\Users\ASUS\.m2\repository\com\fasterxml\jackson\datatype\jackson-datatype-jdk8\2.18.3\jackson-datatype-jdk8-2.18.3.jar;C:\Users\ASUS\.m2\repository\com\fasterxml\jackson\datatype\jackson-datatype-jsr310\2.18.3\jackson-datatype-jsr310-2.18.3.jar;C:\Users\ASUS\.m2\repository\com\fasterxml\jackson\module\jackson-module-parameter-names\2.18.3\jackson-module-parameter-names-2.18.3.jar;C:\Users\ASUS\.m2\repository\org\springframework\boot\spring-boot-starter-tomcat\3.4.5\spring-boot-starter-tomcat-3.4.5.jar;C:\Users\ASUS\.m2\repository\org\apache\tomcat\embed\tomcat-embed-core\10.1.40\tomcat-embed-core-10.1.40.jar;C:\Users\ASUS\.m2\repository\org\apache\tomcat\embed\tomcat-embed-el\10.1.40\tomcat-embed-el-10.1.40.jar;C:\Users\ASUS\.m2\repository\org\apache\tomcat\embed\tomcat-embed-websocket\10.1.40\tomcat-embed-websocket-10.1.40.jar;C:\Users\ASUS\.m2\repository\org\springframework\spring-web\6.2.6\spring-web-6.2.6.jar;C:\Users\ASUS\.m2\repository\org\springframework\spring-webmvc\6.2.6\spring-webmvc-6.2.6.jar;C:\Users\ASUS\.m2\repository\org\springframework\boot\spring-boot-starter-webflux\3.4.5\spring-boot-starter-webflux-3.4.5.jar;C:\Users\ASUS\.m2\repository\org\springframework\boot\spring-boot-starter-reactor-netty\3.4.5\spring-boot-starter-reactor-netty-3.4.5.jar;C:\Users\ASUS\.m2\repository\io\projectreactor\netty\reactor-netty-http\1.2.5\reactor-netty-http-1.2.5.jar;C:\Users\ASUS\.m2\repository\io\netty\netty-codec-http\4.1.119.Final\netty-codec-http-4.1.119.Final.jar;C:\Users\ASUS\.m2\repository\io\netty\netty-common\4.1.119.Final\netty-common-4.1.119.Final.jar;C:\Users\ASUS\.m2\repository\io\netty\netty-buffer\4.1.119.Final\netty-buffer-4.1.119.Final.jar;C:\Users\ASUS\.m2\repository\io\netty\netty-transport\4.1.119.Final\netty-transport-4.1.119.Final.jar;C:\Users\ASUS\.m2\repository\io\netty\netty-codec\4.1.119.Final\netty-codec-4.1.119.Final.jar;C:\Users\ASUS\.m2\repository\io\netty\netty-handler\4.1.119.Final\netty-handler-4.1.119.Final.jar;C:\Users\ASUS\.m2\repository\io\netty\netty-codec-http2\4.1.119.Final\netty-codec-http2-4.1.119.Final.jar;C:\Users\ASUS\.m2\repository\io\netty\netty-resolver-dns\4.1.119.Final\netty-resolver-dns-4.1.119.Final.jar;C:\Users\ASUS\.m2\repository\io\netty\netty-resolver\4.1.119.Final\netty-resolver-4.1.119.Final.jar;C:\Users\ASUS\.m2\repository\io\netty\netty-codec-dns\4.1.119.Final\netty-codec-dns-4.1.119.Final.jar;C:\Users\ASUS\.m2\repository\io\netty\netty-resolver-dns-native-macos\4.1.119.Final\netty-resolver-dns-native-macos-4.1.119.Final-osx-x86_64.jar;C:\Users\ASUS\.m2\repository\io\netty\netty-resolver-dns-classes-macos\4.1.119.Final\netty-resolver-dns-classes-macos-4.1.119.Final.jar;C:\Users\ASUS\.m2\repository\io\netty\netty-transport-native-epoll\4.1.119.Final\netty-transport-native-epoll-4.1.119.Final-linux-x86_64.jar;C:\Users\ASUS\.m2\repository\io\netty\netty-transport-native-unix-common\4.1.119.Final\netty-transport-native-unix-common-4.1.119.Final.jar;C:\Users\ASUS\.m2\repository\io\netty\netty-transport-classes-epoll\4.1.119.Final\netty-transport-classes-epoll-4.1.119.Final.jar;C:\Users\ASUS\.m2\repository\io\projectreactor\netty\reactor-netty-core\1.2.5\reactor-netty-core-1.2.5.jar;C:\Users\ASUS\.m2\repository\io\netty\netty-handler-proxy\4.1.119.Final\netty-handler-proxy-4.1.119.Final.jar;C:\Users\ASUS\.m2\repository\io\netty\netty-codec-socks\4.1.119.Final\netty-codec-socks-4.1.119.Final.jar;C:\Users\ASUS\.m2\repository\org\springframework\spring-webflux\6.2.6\spring-webflux-6.2.6.jar;C:\Users\ASUS\.m2\repository\org\springframework\boot\spring-boot-devtools\3.4.5\spring-boot-devtools-3.4.5.jar;C:\Users\ASUS\.m2\repository\org\springframework\boot\spring-boot\3.4.5\spring-boot-3.4.5.jar;C:\Users\ASUS\.m2\repository\org\springframework\boot\spring-boot-autoconfigure\3.4.5\spring-boot-autoconfigure-3.4.5.jar;C:\Users\ASUS\.m2\repository\org\springframework\boot\spring-boot-configuration-processor\3.4.5\spring-boot-configuration-processor-3.4.5.jar;C:\Users\ASUS\.m2\repository\org\projectlombok\lombok\1.18.38\lombok-1.18.38.jar;C:\Users\ASUS\.m2\repository\net\minidev\json-smart\2.5.2\json-smart-2.5.2.jar;C:\Users\ASUS\.m2\repository\net\minidev\accessors-smart\2.5.2\accessors-smart-2.5.2.jar;C:\Users\ASUS\.m2\repository\org\ow2\asm\asm\9.7.1\asm-9.7.1.jar;C:\Users\ASUS\.m2\repository\org\springframework\spring-core\6.2.6\spring-core-6.2.6.jar;C:\Users\ASUS\.m2\repository\org\springframework\spring-jcl\6.2.6\spring-jcl-6.2.6.jar;C:\Program Files\JetBrains\IntelliJ IDEA 2024.3.5\lib\idea_rt.jar
Launcher Type: SUN_STANDARD

[Global flags]
     intx CICompilerCount                          = 4                                         {product} {ergonomic}
     uint ConcGCThreads                            = 2                                         {product} {ergonomic}
     uint G1ConcRefinementThreads                  = 8                                         {product} {ergonomic}
   size_t G1HeapRegionSize                         = 2097152                                   {product} {ergonomic}
   size_t InitialHeapSize                          = 268435456                                 {product} {ergonomic}
     bool ManagementServer                         = true                                      {product} {command line}
   size_t MarkStackSize                            = 4194304                                   {product} {ergonomic}
   size_t MarkStackSizeMax                         = 536870912                                 {product} {ergonomic}
   size_t MaxHeapSize                              = 4265607168                                {product} {ergonomic}
   size_t MaxNewSize                               = 2558525440                                {product} {ergonomic}
   size_t MinHeapDeltaBytes                        = 2097152                                   {product} {ergonomic}
   size_t MinHeapSize                              = 8388608                                   {product} {ergonomic}
    uintx NonNMethodCodeHeapSize                   = 4096                                   {pd product} {ergonomic}
    uintx NonProfiledCodeHeapSize                  = 0                                      {pd product} {ergonomic}
     bool ProfileInterpreter                       = false                                  {pd product} {command line}
    uintx ProfiledCodeHeapSize                     = 0                                      {pd product} {ergonomic}
   size_t SoftMaxHeapSize                          = 4265607168                             {manageable} {ergonomic}
     intx TieredStopAtLevel                        = 1                                         {product} {command line}
     bool UseCompressedOops                        = true                           {product lp64_product} {ergonomic}
     bool UseG1GC                                  = true                                      {product} {ergonomic}
     bool UseLargePagesIndividualAllocation        = false                                  {pd product} {ergonomic}

Logging:
Log output configuration:
 #0: stdout all=warning uptime,level,tags foldmultilines=false
 #1: stderr all=off uptime,level,tags foldmultilines=false

Environment Variables:
JAVA_HOME=C:\jdk-24_windows-x64_bin\jdk-24.0.1
PATH=C:\WINDOWS\system32;C:\WINDOWS;C:\WINDOWS\System32\Wbem;C:\WINDOWS\System32\WindowsPowerShell\v1.0\;C:\WINDOWS\System32\OpenSSH\;C:\Program Files\Git\cmd;C:\Users\ASUS\AppData\Local\Microsoft\WindowsApps;C:\jdk-24_windows-x64_bin\jdk-24.0.1\bin;
USERNAME=ASUS
OS=Windows_NT
PROCESSOR_IDENTIFIER=Intel64 Family 6 Model 142 Stepping 10, GenuineIntel
TMP=C:\Users\ASUS\AppData\Local\Temp
TEMP=C:\Users\ASUS\AppData\Local\Temp




Periodic native trim disabled

---------------  S Y S T E M  ---------------

OS:
 Windows 11 , 64 bit Build 26100 (10.0.26100.3912)
OS uptime: 8 days 0:09 hours

CPU: total 8 (initial active 8) (4 cores per cpu, 2 threads per core) family 6 model 142 stepping 10 microcode 0xe0, cx8, cmov, fxsr, ht, mmx, 3dnowpref, sse, sse2, sse3, ssse3, sse4.1, sse4.2, popcnt, lzcnt, tsc, tscinvbit, avx, avx2, aes, erms, clmul, bmi1, bmi2, adx, fma, vzeroupper, clflush, clflushopt, rdtscp, f16c
Processor Information for processor 0
  Max Mhz: 1800, Current Mhz: 1500, Mhz Limit: 1584
Processor Information for processor 1
  Max Mhz: 1800, Current Mhz: 1500, Mhz Limit: 1584
Processor Information for processor 2
  Max Mhz: 1800, Current Mhz: 1500, Mhz Limit: 1584
Processor Information for processor 3
  Max Mhz: 1800, Current Mhz: 1500, Mhz Limit: 1584
Processor Information for processor 4
  Max Mhz: 1800, Current Mhz: 1500, Mhz Limit: 1584
Processor Information for processor 5
  Max Mhz: 1800, Current Mhz: 1500, Mhz Limit: 1584
Processor Information for processor 6
  Max Mhz: 1800, Current Mhz: 1600, Mhz Limit: 1584
Processor Information for processor 7
  Max Mhz: 1800, Current Mhz: 1500, Mhz Limit: 1584

Memory: 4k page, system-wide physical 16266M (5813M free)
TotalPageFile size 19210M (AvailPageFile size 5514M)
current process WorkingSet (physical memory assigned to process): 286M, peak: 286M
current process commit charge ("private bytes"): 337M, peak: 413M

vm_info: OpenJDK 64-Bit Server VM (24.0.1+9-30) for windows-amd64 JRE (24.0.1+9-30), built on 2025-03-05T07:23:45Z with MS VC++ 17.6 (VS2022)

END.
